myHadoop: Setting MH_IPOIB_TRANSFORM='s/\([^.]*\).*$/\1.ibnet/' from myhadoop.conf
myHadoop: Setting MH_SCRATCH_DIR=/scratch/$USER/$SLURM_JOBID from myhadoop.conf
myHadoop: Using HADOOP_HOME=/opt/hadoop/2.6.0
myHadoop: Using MH_SCRATCH_DIR=/scratch/aimram/4790799
myHadoop: Using JAVA_HOME=/usr/java/latest
myHadoop: Generating Hadoop configuration in directory in /home/aimram/cometcluster...
myHadoop: Backing up old config dir to /home/aimram/cometcluster.2...
`/home/aimram/cometcluster' -> `/home/aimram/cometcluster.2'
myHadoop: Designating comet-06-24.ibnet as master node (namenode, secondary namenode, and jobtracker)
myHadoop: The following nodes will be slaves (datanode, tasktracer):
comet-06-24.ibnet
comet-10-64.ibnet
comet-25-29.ibnet
16/10/09 23:07:25 INFO namenode.NameNode: STARTUP_MSG: 
/************************************************************
STARTUP_MSG: Starting NameNode
STARTUP_MSG:   host = comet-06-24.sdsc.edu/198.202.119.153
STARTUP_MSG:   args = [-format]
STARTUP_MSG:   version = 2.6.0
STARTUP_MSG:   classpath = /home/aimram/cometcluster:/opt/hadoop/2.6.0/share/hadoop/common/lib/snappy-java-1.0.4.1.jar:/opt/hadoop/2.6.0/share/hadoop/common/lib/jackson-xc-1.9.13.jar:/opt/hadoop/2.6.0/share/hadoop/common/lib/commons-lang-2.6.jar:/opt/hadoop/2.6.0/share/hadoop/common/lib/jersey-core-1.9.jar:/opt/hadoop/2.6.0/share/hadoop/common/lib/jettison-1.1.jar:/opt/hadoop/2.6.0/share/hadoop/common/lib/apacheds-kerberos-codec-2.0.0-M15.jar:/opt/hadoop/2.6.0/share/hadoop/common/lib/avro-1.7.4.jar:/opt/hadoop/2.6.0/share/hadoop/common/lib/commons-cli-1.2.jar:/opt/hadoop/2.6.0/share/hadoop/common/lib/log4j-1.2.17.jar:/opt/hadoop/2.6.0/share/hadoop/common/lib/mockito-all-1.8.5.jar:/opt/hadoop/2.6.0/share/hadoop/common/lib/curator-client-2.6.0.jar:/opt/hadoop/2.6.0/share/hadoop/common/lib/activation-1.1.jar:/opt/hadoop/2.6.0/share/hadoop/common/lib/commons-net-3.1.jar:/opt/hadoop/2.6.0/share/hadoop/common/lib/commons-beanutils-core-1.8.0.jar:/opt/hadoop/2.6.0/share/hadoop/common/lib/jsp-api-2.1.jar:/opt/hadoop/2.6.0/share/hadoop/common/lib/stax-api-1.0-2.jar:/opt/hadoop/2.6.0/share/hadoop/common/lib/protobuf-java-2.5.0.jar:/opt/hadoop/2.6.0/share/hadoop/common/lib/curator-framework-2.6.0.jar:/opt/hadoop/2.6.0/share/hadoop/common/lib/httpclient-4.2.5.jar:/opt/hadoop/2.6.0/share/hadoop/common/lib/servlet-api-2.5.jar:/opt/hadoop/2.6.0/share/hadoop/common/lib/guava-11.0.2.jar:/opt/hadoop/2.6.0/share/hadoop/common/lib/jackson-mapper-asl-1.9.13.jar:/opt/hadoop/2.6.0/share/hadoop/common/lib/htrace-core-3.0.4.jar:/opt/hadoop/2.6.0/share/hadoop/common/lib/commons-io-2.4.jar:/opt/hadoop/2.6.0/share/hadoop/common/lib/commons-compress-1.4.1.jar:/opt/hadoop/2.6.0/share/hadoop/common/lib/jersey-json-1.9.jar:/opt/hadoop/2.6.0/share/hadoop/common/lib/commons-configuration-1.6.jar:/opt/hadoop/2.6.0/share/hadoop/common/lib/hamcrest-core-1.3.jar:/opt/hadoop/2.6.0/share/hadoop/common/lib/junit-4.11.jar:/opt/hadoop/2.6.0/share/hadoop/common/lib/jasper-runtime-5.5.23.jar:/opt/hadoop/2.6.0/share/hadoop/common/lib/httpcore-4.2.5.jar:/opt/hadoop/2.6.0/share/hadoop/common/lib/jaxb-api-2.2.2.jar:/opt/hadoop/2.6.0/share/hadoop/common/lib/jackson-core-asl-1.9.13.jar:/opt/hadoop/2.6.0/share/hadoop/common/lib/xmlenc-0.52.jar:/opt/hadoop/2.6.0/share/hadoop/common/lib/api-util-1.0.0-M20.jar:/opt/hadoop/2.6.0/share/hadoop/common/lib/hadoop-auth-2.6.0.jar:/opt/hadoop/2.6.0/share/hadoop/common/lib/commons-httpclient-3.1.jar:/opt/hadoop/2.6.0/share/hadoop/common/lib/slf4j-api-1.7.5.jar:/opt/hadoop/2.6.0/share/hadoop/common/lib/commons-collections-3.2.1.jar:/opt/hadoop/2.6.0/share/hadoop/common/lib/commons-logging-1.1.3.jar:/opt/hadoop/2.6.0/share/hadoop/common/lib/jsr305-1.3.9.jar:/opt/hadoop/2.6.0/share/hadoop/common/lib/java-xmlbuilder-0.4.jar:/opt/hadoop/2.6.0/share/hadoop/common/lib/gson-2.2.4.jar:/opt/hadoop/2.6.0/share/hadoop/common/lib/jaxb-impl-2.2.3-1.jar:/opt/hadoop/2.6.0/share/hadoop/common/lib/apacheds-i18n-2.0.0-M15.jar:/opt/hadoop/2.6.0/share/hadoop/common/lib/jersey-server-1.9.jar:/opt/hadoop/2.6.0/share/hadoop/common/lib/commons-beanutils-1.7.0.jar:/opt/hadoop/2.6.0/share/hadoop/common/lib/api-asn1-api-1.0.0-M20.jar:/opt/hadoop/2.6.0/share/hadoop/common/lib/jackson-jaxrs-1.9.13.jar:/opt/hadoop/2.6.0/share/hadoop/common/lib/jsch-0.1.42.jar:/opt/hadoop/2.6.0/share/hadoop/common/lib/jasper-compiler-5.5.23.jar:/opt/hadoop/2.6.0/share/hadoop/common/lib/asm-3.2.jar:/opt/hadoop/2.6.0/share/hadoop/common/lib/paranamer-2.3.jar:/opt/hadoop/2.6.0/share/hadoop/common/lib/netty-3.6.2.Final.jar:/opt/hadoop/2.6.0/share/hadoop/common/lib/commons-el-1.0.jar:/opt/hadoop/2.6.0/share/hadoop/common/lib/slf4j-log4j12-1.7.5.jar:/opt/hadoop/2.6.0/share/hadoop/common/lib/zookeeper-3.4.6.jar:/opt/hadoop/2.6.0/share/hadoop/common/lib/jets3t-0.9.0.jar:/opt/hadoop/2.6.0/share/hadoop/common/lib/jetty-6.1.26.jar:/opt/hadoop/2.6.0/share/hadoop/common/lib/commons-digester-1.8.jar:/opt/hadoop/2.6.0/share/hadoop/common/lib/xz-1.0.jar:/opt/hadoop/2.6.0/share/hadoop/common/lib/commons-math3-3.1.1.jar:/opt/hadoop/2.6.0/share/hadoop/common/lib/commons-codec-1.4.jar:/opt/hadoop/2.6.0/share/hadoop/common/lib/jetty-util-6.1.26.jar:/opt/hadoop/2.6.0/share/hadoop/common/lib/hadoop-annotations-2.6.0.jar:/opt/hadoop/2.6.0/share/hadoop/common/lib/curator-recipes-2.6.0.jar:/opt/hadoop/2.6.0/share/hadoop/common/hadoop-common-2.6.0.jar:/opt/hadoop/2.6.0/share/hadoop/common/hadoop-common-2.6.0-tests.jar:/opt/hadoop/2.6.0/share/hadoop/common/hadoop-nfs-2.6.0.jar:/opt/hadoop/2.6.0/share/hadoop/hdfs:/opt/hadoop/2.6.0/share/hadoop/hdfs/lib/commons-lang-2.6.jar:/opt/hadoop/2.6.0/share/hadoop/hdfs/lib/jersey-core-1.9.jar:/opt/hadoop/2.6.0/share/hadoop/hdfs/lib/commons-cli-1.2.jar:/opt/hadoop/2.6.0/share/hadoop/hdfs/lib/log4j-1.2.17.jar:/opt/hadoop/2.6.0/share/hadoop/hdfs/lib/jsp-api-2.1.jar:/opt/hadoop/2.6.0/share/hadoop/hdfs/lib/protobuf-java-2.5.0.jar:/opt/hadoop/2.6.0/share/hadoop/hdfs/lib/servlet-api-2.5.jar:/opt/hadoop/2.6.0/share/hadoop/hdfs/lib/guava-11.0.2.jar:/opt/hadoop/2.6.0/share/hadoop/hdfs/lib/jackson-mapper-asl-1.9.13.jar:/opt/hadoop/2.6.0/share/hadoop/hdfs/lib/htrace-core-3.0.4.jar:/opt/hadoop/2.6.0/share/hadoop/hdfs/lib/commons-io-2.4.jar:/opt/hadoop/2.6.0/share/hadoop/hdfs/lib/commons-daemon-1.0.13.jar:/opt/hadoop/2.6.0/share/hadoop/hdfs/lib/jasper-runtime-5.5.23.jar:/opt/hadoop/2.6.0/share/hadoop/hdfs/lib/jackson-core-asl-1.9.13.jar:/opt/hadoop/2.6.0/share/hadoop/hdfs/lib/xmlenc-0.52.jar:/opt/hadoop/2.6.0/share/hadoop/hdfs/lib/commons-logging-1.1.3.jar:/opt/hadoop/2.6.0/share/hadoop/hdfs/lib/jsr305-1.3.9.jar:/opt/hadoop/2.6.0/share/hadoop/hdfs/lib/jersey-server-1.9.jar:/opt/hadoop/2.6.0/share/hadoop/hdfs/lib/asm-3.2.jar:/opt/hadoop/2.6.0/share/hadoop/hdfs/lib/xml-apis-1.3.04.jar:/opt/hadoop/2.6.0/share/hadoop/hdfs/lib/netty-3.6.2.Final.jar:/opt/hadoop/2.6.0/share/hadoop/hdfs/lib/commons-el-1.0.jar:/opt/hadoop/2.6.0/share/hadoop/hdfs/lib/jetty-6.1.26.jar:/opt/hadoop/2.6.0/share/hadoop/hdfs/lib/commons-codec-1.4.jar:/opt/hadoop/2.6.0/share/hadoop/hdfs/lib/xercesImpl-2.9.1.jar:/opt/hadoop/2.6.0/share/hadoop/hdfs/lib/jetty-util-6.1.26.jar:/opt/hadoop/2.6.0/share/hadoop/hdfs/hadoop-hdfs-nfs-2.6.0.jar:/opt/hadoop/2.6.0/share/hadoop/hdfs/hadoop-hdfs-2.6.0-tests.jar:/opt/hadoop/2.6.0/share/hadoop/hdfs/hadoop-hdfs-2.6.0.jar:/opt/hadoop/2.6.0/share/hadoop/yarn/lib/jackson-xc-1.9.13.jar:/opt/hadoop/2.6.0/share/hadoop/yarn/lib/commons-lang-2.6.jar:/opt/hadoop/2.6.0/share/hadoop/yarn/lib/jersey-core-1.9.jar:/opt/hadoop/2.6.0/share/hadoop/yarn/lib/jettison-1.1.jar:/opt/hadoop/2.6.0/share/hadoop/yarn/lib/commons-cli-1.2.jar:/opt/hadoop/2.6.0/share/hadoop/yarn/lib/log4j-1.2.17.jar:/opt/hadoop/2.6.0/share/hadoop/yarn/lib/jersey-guice-1.9.jar:/opt/hadoop/2.6.0/share/hadoop/yarn/lib/jersey-client-1.9.jar:/opt/hadoop/2.6.0/share/hadoop/yarn/lib/activation-1.1.jar:/opt/hadoop/2.6.0/share/hadoop/yarn/lib/stax-api-1.0-2.jar:/opt/hadoop/2.6.0/share/hadoop/yarn/lib/protobuf-java-2.5.0.jar:/opt/hadoop/2.6.0/share/hadoop/yarn/lib/servlet-api-2.5.jar:/opt/hadoop/2.6.0/share/hadoop/yarn/lib/guava-11.0.2.jar:/opt/hadoop/2.6.0/share/hadoop/yarn/lib/jackson-mapper-asl-1.9.13.jar:/opt/hadoop/2.6.0/share/hadoop/yarn/lib/commons-io-2.4.jar:/opt/hadoop/2.6.0/share/hadoop/yarn/lib/commons-compress-1.4.1.jar:/opt/hadoop/2.6.0/share/hadoop/yarn/lib/jersey-json-1.9.jar:/opt/hadoop/2.6.0/share/hadoop/yarn/lib/jaxb-api-2.2.2.jar:/opt/hadoop/2.6.0/share/hadoop/yarn/lib/jackson-core-asl-1.9.13.jar:/opt/hadoop/2.6.0/share/hadoop/yarn/lib/javax.inject-1.jar:/opt/hadoop/2.6.0/share/hadoop/yarn/lib/commons-httpclient-3.1.jar:/opt/hadoop/2.6.0/share/hadoop/yarn/lib/commons-collections-3.2.1.jar:/opt/hadoop/2.6.0/share/hadoop/yarn/lib/commons-logging-1.1.3.jar:/opt/hadoop/2.6.0/share/hadoop/yarn/lib/jsr305-1.3.9.jar:/opt/hadoop/2.6.0/share/hadoop/yarn/lib/guice-3.0.jar:/opt/hadoop/2.6.0/share/hadoop/yarn/lib/jaxb-impl-2.2.3-1.jar:/opt/hadoop/2.6.0/share/hadoop/yarn/lib/jersey-server-1.9.jar:/opt/hadoop/2.6.0/share/hadoop/yarn/lib/jackson-jaxrs-1.9.13.jar:/opt/hadoop/2.6.0/share/hadoop/yarn/lib/asm-3.2.jar:/opt/hadoop/2.6.0/share/hadoop/yarn/lib/leveldbjni-all-1.8.jar:/opt/hadoop/2.6.0/share/hadoop/yarn/lib/netty-3.6.2.Final.jar:/opt/hadoop/2.6.0/share/hadoop/yarn/lib/zookeeper-3.4.6.jar:/opt/hadoop/2.6.0/share/hadoop/yarn/lib/jetty-6.1.26.jar:/opt/hadoop/2.6.0/share/hadoop/yarn/lib/xz-1.0.jar:/opt/hadoop/2.6.0/share/hadoop/yarn/lib/commons-codec-1.4.jar:/opt/hadoop/2.6.0/share/hadoop/yarn/lib/aopalliance-1.0.jar:/opt/hadoop/2.6.0/share/hadoop/yarn/lib/jline-0.9.94.jar:/opt/hadoop/2.6.0/share/hadoop/yarn/lib/jetty-util-6.1.26.jar:/opt/hadoop/2.6.0/share/hadoop/yarn/lib/guice-servlet-3.0.jar:/opt/hadoop/2.6.0/share/hadoop/yarn/hadoop-yarn-server-web-proxy-2.6.0.jar:/opt/hadoop/2.6.0/share/hadoop/yarn/hadoop-yarn-server-tests-2.6.0.jar:/opt/hadoop/2.6.0/share/hadoop/yarn/hadoop-yarn-server-applicationhistoryservice-2.6.0.jar:/opt/hadoop/2.6.0/share/hadoop/yarn/hadoop-yarn-client-2.6.0.jar:/opt/hadoop/2.6.0/share/hadoop/yarn/hadoop-yarn-server-nodemanager-2.6.0.jar:/opt/hadoop/2.6.0/share/hadoop/yarn/hadoop-yarn-server-common-2.6.0.jar:/opt/hadoop/2.6.0/share/hadoop/yarn/hadoop-yarn-applications-unmanaged-am-launcher-2.6.0.jar:/opt/hadoop/2.6.0/share/hadoop/yarn/hadoop-yarn-api-2.6.0.jar:/opt/hadoop/2.6.0/share/hadoop/yarn/hadoop-yarn-applications-distributedshell-2.6.0.jar:/opt/hadoop/2.6.0/share/hadoop/yarn/hadoop-yarn-server-resourcemanager-2.6.0.jar:/opt/hadoop/2.6.0/share/hadoop/yarn/hadoop-yarn-common-2.6.0.jar:/opt/hadoop/2.6.0/share/hadoop/yarn/hadoop-yarn-registry-2.6.0.jar:/opt/hadoop/2.6.0/share/hadoop/mapreduce/lib/snappy-java-1.0.4.1.jar:/opt/hadoop/2.6.0/share/hadoop/mapreduce/lib/jersey-core-1.9.jar:/opt/hadoop/2.6.0/share/hadoop/mapreduce/lib/avro-1.7.4.jar:/opt/hadoop/2.6.0/share/hadoop/mapreduce/lib/log4j-1.2.17.jar:/opt/hadoop/2.6.0/share/hadoop/mapreduce/lib/jersey-guice-1.9.jar:/opt/hadoop/2.6.0/share/hadoop/mapreduce/lib/protobuf-java-2.5.0.jar:/opt/hadoop/2.6.0/share/hadoop/mapreduce/lib/jackson-mapper-asl-1.9.13.jar:/opt/hadoop/2.6.0/share/hadoop/mapreduce/lib/commons-io-2.4.jar:/opt/hadoop/2.6.0/share/hadoop/mapreduce/lib/commons-compress-1.4.1.jar:/opt/hadoop/2.6.0/share/hadoop/mapreduce/lib/hamcrest-core-1.3.jar:/opt/hadoop/2.6.0/share/hadoop/mapreduce/lib/junit-4.11.jar:/opt/hadoop/2.6.0/share/hadoop/mapreduce/lib/jackson-core-asl-1.9.13.jar:/opt/hadoop/2.6.0/share/hadoop/mapreduce/lib/javax.inject-1.jar:/opt/hadoop/2.6.0/share/hadoop/mapreduce/lib/guice-3.0.jar:/opt/hadoop/2.6.0/share/hadoop/mapreduce/lib/jersey-server-1.9.jar:/opt/hadoop/2.6.0/share/hadoop/mapreduce/lib/asm-3.2.jar:/opt/hadoop/2.6.0/share/hadoop/mapreduce/lib/leveldbjni-all-1.8.jar:/opt/hadoop/2.6.0/share/hadoop/mapreduce/lib/paranamer-2.3.jar:/opt/hadoop/2.6.0/share/hadoop/mapreduce/lib/netty-3.6.2.Final.jar:/opt/hadoop/2.6.0/share/hadoop/mapreduce/lib/xz-1.0.jar:/opt/hadoop/2.6.0/share/hadoop/mapreduce/lib/aopalliance-1.0.jar:/opt/hadoop/2.6.0/share/hadoop/mapreduce/lib/hadoop-annotations-2.6.0.jar:/opt/hadoop/2.6.0/share/hadoop/mapreduce/lib/guice-servlet-3.0.jar:/opt/hadoop/2.6.0/share/hadoop/mapreduce/hadoop-mapreduce-client-jobclient-2.6.0-tests.jar:/opt/hadoop/2.6.0/share/hadoop/mapreduce/hadoop-mapreduce-client-core-2.6.0.jar:/opt/hadoop/2.6.0/share/hadoop/mapreduce/hadoop-mapreduce-client-hs-2.6.0.jar:/opt/hadoop/2.6.0/share/hadoop/mapreduce/hadoop-mapreduce-client-common-2.6.0.jar:/opt/hadoop/2.6.0/share/hadoop/mapreduce/hadoop-mapreduce-client-shuffle-2.6.0.jar:/opt/hadoop/2.6.0/share/hadoop/mapreduce/hadoop-mapreduce-client-hs-plugins-2.6.0.jar:/opt/hadoop/2.6.0/share/hadoop/mapreduce/hadoop-mapreduce-examples-2.6.0.jar:/opt/hadoop/2.6.0/share/hadoop/mapreduce/hadoop-mapreduce-client-app-2.6.0.jar:/opt/hadoop/2.6.0/share/hadoop/mapreduce/hadoop-mapreduce-client-jobclient-2.6.0.jar:/opt/hadoop/2.6.0/contrib/capacity-scheduler/*.jar
STARTUP_MSG:   build = https://git-wip-us.apache.org/repos/asf/hadoop.git -r e3496499ecb8d220fba99dc5ed4c99c8f9e33bb1; compiled by 'jenkins' on 2014-11-13T21:10Z
STARTUP_MSG:   java = 1.8.0_60
************************************************************/
16/10/09 23:07:25 INFO namenode.NameNode: registered UNIX signal handlers for [TERM, HUP, INT]
16/10/09 23:07:25 INFO namenode.NameNode: createNameNode [-format]
16/10/09 23:07:26 WARN util.NativeCodeLoader: Unable to load native-hadoop library for your platform... using builtin-java classes where applicable
16/10/09 23:07:26 WARN common.Util: Path /scratch/aimram/4790799/namenode_data should be specified as a URI in configuration files. Please update hdfs configuration.
16/10/09 23:07:26 WARN common.Util: Path /scratch/aimram/4790799/namenode_data should be specified as a URI in configuration files. Please update hdfs configuration.
Formatting using clusterid: CID-2f71254d-7c65-4289-8790-8a00a63a7eeb
16/10/09 23:07:26 INFO namenode.FSNamesystem: No KeyProvider found.
16/10/09 23:07:26 INFO namenode.FSNamesystem: fsLock is fair:true
16/10/09 23:07:26 INFO blockmanagement.DatanodeManager: dfs.block.invalidate.limit=1000
16/10/09 23:07:26 INFO blockmanagement.DatanodeManager: dfs.namenode.datanode.registration.ip-hostname-check=true
16/10/09 23:07:26 INFO blockmanagement.BlockManager: dfs.namenode.startup.delay.block.deletion.sec is set to 000:00:00:00.000
16/10/09 23:07:26 INFO blockmanagement.BlockManager: The block deletion will start around 2016 Oct 09 23:07:26
16/10/09 23:07:26 INFO util.GSet: Computing capacity for map BlocksMap
16/10/09 23:07:26 INFO util.GSet: VM type       = 64-bit
16/10/09 23:07:26 INFO util.GSet: 2.0% max memory 958.5 MB = 19.2 MB
16/10/09 23:07:26 INFO util.GSet: capacity      = 2^21 = 2097152 entries
16/10/09 23:07:26 INFO blockmanagement.BlockManager: dfs.block.access.token.enable=false
16/10/09 23:07:26 INFO blockmanagement.BlockManager: defaultReplication         = 3
16/10/09 23:07:26 INFO blockmanagement.BlockManager: maxReplication             = 512
16/10/09 23:07:26 INFO blockmanagement.BlockManager: minReplication             = 1
16/10/09 23:07:26 INFO blockmanagement.BlockManager: maxReplicationStreams      = 2
16/10/09 23:07:26 INFO blockmanagement.BlockManager: shouldCheckForEnoughRacks  = false
16/10/09 23:07:26 INFO blockmanagement.BlockManager: replicationRecheckInterval = 3000
16/10/09 23:07:26 INFO blockmanagement.BlockManager: encryptDataTransfer        = false
16/10/09 23:07:26 INFO blockmanagement.BlockManager: maxNumBlocksToLog          = 1000
16/10/09 23:07:26 INFO namenode.FSNamesystem: fsOwner             = aimram (auth:SIMPLE)
16/10/09 23:07:26 INFO namenode.FSNamesystem: supergroup          = supergroup
16/10/09 23:07:26 INFO namenode.FSNamesystem: isPermissionEnabled = true
16/10/09 23:07:26 INFO namenode.FSNamesystem: HA Enabled: false
16/10/09 23:07:26 INFO namenode.FSNamesystem: Append Enabled: true
16/10/09 23:07:26 INFO util.GSet: Computing capacity for map INodeMap
16/10/09 23:07:26 INFO util.GSet: VM type       = 64-bit
16/10/09 23:07:26 INFO util.GSet: 1.0% max memory 958.5 MB = 9.6 MB
16/10/09 23:07:26 INFO util.GSet: capacity      = 2^20 = 1048576 entries
16/10/09 23:07:26 INFO namenode.NameNode: Caching file names occuring more than 10 times
16/10/09 23:07:26 INFO util.GSet: Computing capacity for map cachedBlocks
16/10/09 23:07:26 INFO util.GSet: VM type       = 64-bit
16/10/09 23:07:26 INFO util.GSet: 0.25% max memory 958.5 MB = 2.4 MB
16/10/09 23:07:26 INFO util.GSet: capacity      = 2^18 = 262144 entries
16/10/09 23:07:26 INFO namenode.FSNamesystem: dfs.namenode.safemode.threshold-pct = 0.9990000128746033
16/10/09 23:07:26 INFO namenode.FSNamesystem: dfs.namenode.safemode.min.datanodes = 0
16/10/09 23:07:26 INFO namenode.FSNamesystem: dfs.namenode.safemode.extension     = 30000
16/10/09 23:07:26 INFO namenode.FSNamesystem: Retry cache on namenode is enabled
16/10/09 23:07:26 INFO namenode.FSNamesystem: Retry cache will use 0.03 of total heap and retry cache entry expiry time is 600000 millis
16/10/09 23:07:26 INFO util.GSet: Computing capacity for map NameNodeRetryCache
16/10/09 23:07:26 INFO util.GSet: VM type       = 64-bit
16/10/09 23:07:26 INFO util.GSet: 0.029999999329447746% max memory 958.5 MB = 294.5 KB
16/10/09 23:07:26 INFO util.GSet: capacity      = 2^15 = 32768 entries
16/10/09 23:07:26 INFO namenode.NNConf: ACLs enabled? false
16/10/09 23:07:26 INFO namenode.NNConf: XAttrs enabled? true
16/10/09 23:07:26 INFO namenode.NNConf: Maximum size of an xattr: 16384
16/10/09 23:07:26 INFO namenode.FSImage: Allocated new BlockPoolId: BP-2084156983-198.202.119.153-1476079646530
16/10/09 23:07:26 INFO common.Storage: Storage directory /scratch/aimram/4790799/namenode_data has been successfully formatted.
16/10/09 23:07:26 INFO namenode.NNStorageRetentionManager: Going to retain 1 images with txid >= 0
16/10/09 23:07:26 INFO util.ExitUtil: Exiting with status 0
16/10/09 23:07:26 INFO namenode.NameNode: SHUTDOWN_MSG: 
/************************************************************
SHUTDOWN_MSG: Shutting down NameNode at comet-06-24.sdsc.edu/198.202.119.153
************************************************************/
16/10/09 23:07:27 WARN util.NativeCodeLoader: Unable to load native-hadoop library for your platform... using builtin-java classes where applicable
Starting namenodes on [comet-06-24.ibnet]
comet-06-24.ibnet: starting namenode, logging to /scratch/aimram/4790799/logs/hadoop-aimram-namenode-comet-06-24.sdsc.edu.out
comet-06-24.ibnet: starting datanode, logging to /scratch/aimram/4790799/logs/hadoop-aimram-datanode-comet-06-24.sdsc.edu.out
comet-25-29.ibnet: starting datanode, logging to /scratch/aimram/4790799/logs/hadoop-aimram-datanode-comet-25-29.sdsc.edu.out
comet-10-64.ibnet: starting datanode, logging to /scratch/aimram/4790799/logs/hadoop-aimram-datanode-comet-10-64.sdsc.edu.out
Starting secondary namenodes [comet-06-24.ibnet]
comet-06-24.ibnet: starting secondarynamenode, logging to /scratch/aimram/4790799/logs/hadoop-aimram-secondarynamenode-comet-06-24.sdsc.edu.out
16/10/09 23:07:42 WARN util.NativeCodeLoader: Unable to load native-hadoop library for your platform... using builtin-java classes where applicable
starting yarn daemons
starting resourcemanager, logging to /scratch/aimram/4790799/logs/yarn-aimram-resourcemanager-comet-06-24.out
comet-06-24.ibnet: starting nodemanager, logging to /scratch/aimram/4790799/logs/yarn-aimram-nodemanager-comet-06-24.sdsc.edu.out
comet-25-29.ibnet: starting nodemanager, logging to /scratch/aimram/4790799/logs/yarn-aimram-nodemanager-comet-25-29.sdsc.edu.out
comet-10-64.ibnet: starting nodemanager, logging to /scratch/aimram/4790799/logs/yarn-aimram-nodemanager-comet-10-64.sdsc.edu.out
16/10/09 23:07:46 WARN util.NativeCodeLoader: Unable to load native-hadoop library for your platform... using builtin-java classes where applicable
16/10/09 23:07:47 WARN util.NativeCodeLoader: Unable to load native-hadoop library for your platform... using builtin-java classes where applicable
16/10/09 23:07:50 WARN util.NativeCodeLoader: Unable to load native-hadoop library for your platform... using builtin-java classes where applicable
16/10/09 23:07:50 INFO client.RMProxy: Connecting to ResourceManager at comet-06-24.ibnet/10.22.254.127:8032
16/10/09 23:07:50 INFO input.FileInputFormat: Total input paths to process : 1
16/10/09 23:07:51 INFO mapreduce.JobSubmitter: number of splits:1
16/10/09 23:07:51 INFO mapreduce.JobSubmitter: Submitting tokens for job: job_1476079664041_0001
16/10/09 23:07:51 INFO impl.YarnClientImpl: Submitted application application_1476079664041_0001
16/10/09 23:07:51 INFO mapreduce.Job: The url to track the job: http://comet-06-24.ibnet:8088/proxy/application_1476079664041_0001/
16/10/09 23:07:51 INFO mapreduce.Job: Running job: job_1476079664041_0001
16/10/09 23:08:01 INFO mapreduce.Job: Job job_1476079664041_0001 running in uber mode : false
16/10/09 23:08:01 INFO mapreduce.Job:  map 0% reduce 0%
16/10/09 23:08:13 INFO mapreduce.Job:  map 56% reduce 0%
16/10/09 23:08:15 INFO mapreduce.Job:  map 100% reduce 0%
16/10/09 23:08:21 INFO mapreduce.Job:  map 100% reduce 100%
16/10/09 23:08:22 INFO mapreduce.Job: Job job_1476079664041_0001 completed successfully
16/10/09 23:08:22 INFO mapreduce.Job: Counters: 49
	File System Counters
		FILE: Number of bytes read=13251432
		FILE: Number of bytes written=26714699
		FILE: Number of read operations=0
		FILE: Number of large read operations=0
		FILE: Number of write operations=0
		HDFS: Number of bytes read=7660494
		HDFS: Number of bytes written=13940407
		HDFS: Number of read operations=6
		HDFS: Number of large read operations=0
		HDFS: Number of write operations=2
	Job Counters 
		Launched map tasks=1
		Launched reduce tasks=1
		Data-local map tasks=1
		Total time spent by all maps in occupied slots (ms)=11565
		Total time spent by all reduces in occupied slots (ms)=4439
		Total time spent by all map tasks (ms)=11565
		Total time spent by all reduce tasks (ms)=4439
		Total vcore-seconds taken by all map tasks=11565
		Total vcore-seconds taken by all reduce tasks=4439
		Total megabyte-seconds taken by all map tasks=11842560
		Total megabyte-seconds taken by all reduce tasks=4545536
	Map-Reduce Framework
		Map input records=100000
		Map output records=100000
		Map output bytes=13007104
		Map output materialized bytes=13251432
		Input split bytes=123
		Combine input records=0
		Combine output records=0
		Reduce input groups=100000
		Reduce shuffle bytes=13251432
		Reduce input records=100000
		Reduce output records=100000
		Spilled Records=200000
		Shuffled Maps =1
		Failed Shuffles=0
		Merged Map outputs=1
		GC time elapsed (ms)=392
		CPU time spent (ms)=17000
		Physical memory (bytes) snapshot=490373120
		Virtual memory (bytes) snapshot=4340523008
		Total committed heap usage (bytes)=354942976
	Shuffle Errors
		BAD_ID=0
		CONNECTION=0
		IO_ERROR=0
		WRONG_LENGTH=0
		WRONG_MAP=0
		WRONG_REDUCE=0
	File Input Format Counters 
		Bytes Read=7660371
	File Output Format Counters 
		Bytes Written=13940407
16/10/09 23:08:22 INFO client.RMProxy: Connecting to ResourceManager at comet-06-24.ibnet/10.22.254.127:8032
16/10/09 23:08:22 INFO input.FileInputFormat: Total input paths to process : 1
16/10/09 23:08:23 INFO mapreduce.JobSubmitter: number of splits:1
16/10/09 23:08:23 INFO mapreduce.JobSubmitter: Submitting tokens for job: job_1476079664041_0002
16/10/09 23:08:23 INFO impl.YarnClientImpl: Submitted application application_1476079664041_0002
16/10/09 23:08:23 INFO mapreduce.Job: The url to track the job: http://comet-06-24.ibnet:8088/proxy/application_1476079664041_0002/
16/10/09 23:08:23 INFO mapreduce.Job: Running job: job_1476079664041_0002
16/10/09 23:08:28 INFO mapreduce.Job: Job job_1476079664041_0002 running in uber mode : false
16/10/09 23:08:28 INFO mapreduce.Job:  map 0% reduce 0%
16/10/09 23:08:35 INFO mapreduce.Job:  map 100% reduce 0%
16/10/09 23:08:45 INFO mapreduce.Job:  map 100% reduce 100%
16/10/09 23:08:45 INFO mapreduce.Job: Job job_1476079664041_0002 completed successfully
16/10/09 23:08:45 INFO mapreduce.Job: Counters: 49
	File System Counters
		FILE: Number of bytes read=56483400
		FILE: Number of bytes written=113620261
		FILE: Number of read operations=0
		FILE: Number of large read operations=0
		FILE: Number of write operations=0
		HDFS: Number of bytes read=13940543
		HDFS: Number of bytes written=13940407
		HDFS: Number of read operations=7
		HDFS: Number of large read operations=0
		HDFS: Number of write operations=2
	Job Counters 
		Launched map tasks=1
		Launched reduce tasks=1
		Data-local map tasks=1
		Total time spent by all maps in occupied slots (ms)=4812
		Total time spent by all reduces in occupied slots (ms)=7846
		Total time spent by all map tasks (ms)=4812
		Total time spent by all reduce tasks (ms)=7846
		Total vcore-seconds taken by all map tasks=4812
		Total vcore-seconds taken by all reduce tasks=7846
		Total megabyte-seconds taken by all map tasks=4927488
		Total megabyte-seconds taken by all reduce tasks=8034304
	Map-Reduce Framework
		Map input records=100000
		Map output records=1300888
		Map output bytes=53837296
		Map output materialized bytes=56483400
		Input split bytes=136
		Combine input records=0
		Combine output records=0
		Reduce input groups=100000
		Reduce shuffle bytes=56483400
		Reduce input records=1300888
		Reduce output records=100000
		Spilled Records=2601776
		Shuffled Maps =1
		Failed Shuffles=0
		Merged Map outputs=1
		GC time elapsed (ms)=143
		CPU time spent (ms)=12880
		Physical memory (bytes) snapshot=565899264
		Virtual memory (bytes) snapshot=4365529088
		Total committed heap usage (bytes)=342360064
	Shuffle Errors
		BAD_ID=0
		CONNECTION=0
		IO_ERROR=0
		WRONG_LENGTH=0
		WRONG_MAP=0
		WRONG_REDUCE=0
	File Input Format Counters 
		Bytes Read=13940407
	File Output Format Counters 
		Bytes Written=13940407
16/10/09 23:08:45 INFO client.RMProxy: Connecting to ResourceManager at comet-06-24.ibnet/10.22.254.127:8032
16/10/09 23:08:45 INFO input.FileInputFormat: Total input paths to process : 1
16/10/09 23:08:45 INFO mapreduce.JobSubmitter: number of splits:1
16/10/09 23:08:45 INFO mapreduce.JobSubmitter: Submitting tokens for job: job_1476079664041_0003
16/10/09 23:08:45 INFO impl.YarnClientImpl: Submitted application application_1476079664041_0003
16/10/09 23:08:45 INFO mapreduce.Job: The url to track the job: http://comet-06-24.ibnet:8088/proxy/application_1476079664041_0003/
16/10/09 23:08:45 INFO mapreduce.Job: Running job: job_1476079664041_0003
16/10/09 23:08:50 INFO mapreduce.Job: Job job_1476079664041_0003 running in uber mode : false
16/10/09 23:08:50 INFO mapreduce.Job:  map 0% reduce 0%
16/10/09 23:08:56 INFO mapreduce.Job:  map 100% reduce 0%
16/10/09 23:09:03 INFO mapreduce.Job:  map 100% reduce 100%
16/10/09 23:09:03 INFO mapreduce.Job: Job job_1476079664041_0003 completed successfully
16/10/09 23:09:03 INFO mapreduce.Job: Counters: 49
	File System Counters
		FILE: Number of bytes read=56483400
		FILE: Number of bytes written=113620261
		FILE: Number of read operations=0
		FILE: Number of large read operations=0
		FILE: Number of write operations=0
		HDFS: Number of bytes read=13940543
		HDFS: Number of bytes written=13940407
		HDFS: Number of read operations=7
		HDFS: Number of large read operations=0
		HDFS: Number of write operations=2
	Job Counters 
		Launched map tasks=1
		Launched reduce tasks=1
		Data-local map tasks=1
		Total time spent by all maps in occupied slots (ms)=3953
		Total time spent by all reduces in occupied slots (ms)=3985
		Total time spent by all map tasks (ms)=3953
		Total time spent by all reduce tasks (ms)=3985
		Total vcore-seconds taken by all map tasks=3953
		Total vcore-seconds taken by all reduce tasks=3985
		Total megabyte-seconds taken by all map tasks=4047872
		Total megabyte-seconds taken by all reduce tasks=4080640
	Map-Reduce Framework
		Map input records=100000
		Map output records=1300888
		Map output bytes=53837296
		Map output materialized bytes=56483400
		Input split bytes=136
		Combine input records=0
		Combine output records=0
		Reduce input groups=100000
		Reduce shuffle bytes=56483400
		Reduce input records=1300888
		Reduce output records=100000
		Spilled Records=2601776
		Shuffled Maps =1
		Failed Shuffles=0
		Merged Map outputs=1
		GC time elapsed (ms)=100
		CPU time spent (ms)=9320
		Physical memory (bytes) snapshot=595001344
		Virtual memory (bytes) snapshot=4369768448
		Total committed heap usage (bytes)=343408640
	Shuffle Errors
		BAD_ID=0
		CONNECTION=0
		IO_ERROR=0
		WRONG_LENGTH=0
		WRONG_MAP=0
		WRONG_REDUCE=0
	File Input Format Counters 
		Bytes Read=13940407
	File Output Format Counters 
		Bytes Written=13940407
16/10/09 23:09:03 INFO client.RMProxy: Connecting to ResourceManager at comet-06-24.ibnet/10.22.254.127:8032
16/10/09 23:09:03 INFO input.FileInputFormat: Total input paths to process : 1
16/10/09 23:09:03 INFO mapreduce.JobSubmitter: number of splits:1
16/10/09 23:09:03 INFO mapreduce.JobSubmitter: Submitting tokens for job: job_1476079664041_0004
16/10/09 23:09:03 INFO impl.YarnClientImpl: Submitted application application_1476079664041_0004
16/10/09 23:09:03 INFO mapreduce.Job: The url to track the job: http://comet-06-24.ibnet:8088/proxy/application_1476079664041_0004/
16/10/09 23:09:03 INFO mapreduce.Job: Running job: job_1476079664041_0004
16/10/09 23:09:07 INFO mapreduce.Job: Job job_1476079664041_0004 running in uber mode : false
16/10/09 23:09:07 INFO mapreduce.Job:  map 0% reduce 0%
16/10/09 23:09:20 INFO mapreduce.Job:  map 100% reduce 0%
16/10/09 23:09:28 INFO mapreduce.Job:  map 100% reduce 100%
16/10/09 23:09:28 INFO mapreduce.Job: Job job_1476079664041_0004 completed successfully
16/10/09 23:09:28 INFO mapreduce.Job: Counters: 49
	File System Counters
		FILE: Number of bytes read=56483400
		FILE: Number of bytes written=113620261
		FILE: Number of read operations=0
		FILE: Number of large read operations=0
		FILE: Number of write operations=0
		HDFS: Number of bytes read=13940543
		HDFS: Number of bytes written=13940407
		HDFS: Number of read operations=7
		HDFS: Number of large read operations=0
		HDFS: Number of write operations=2
	Job Counters 
		Launched map tasks=1
		Launched reduce tasks=1
		Data-local map tasks=1
		Total time spent by all maps in occupied slots (ms)=10489
		Total time spent by all reduces in occupied slots (ms)=4596
		Total time spent by all map tasks (ms)=10489
		Total time spent by all reduce tasks (ms)=4596
		Total vcore-seconds taken by all map tasks=10489
		Total vcore-seconds taken by all reduce tasks=4596
		Total megabyte-seconds taken by all map tasks=10740736
		Total megabyte-seconds taken by all reduce tasks=4706304
	Map-Reduce Framework
		Map input records=100000
		Map output records=1300888
		Map output bytes=53837296
		Map output materialized bytes=56483400
		Input split bytes=136
		Combine input records=0
		Combine output records=0
		Reduce input groups=100000
		Reduce shuffle bytes=56483400
		Reduce input records=1300888
		Reduce output records=100000
		Spilled Records=2601776
		Shuffled Maps =1
		Failed Shuffles=0
		Merged Map outputs=1
		GC time elapsed (ms)=149
		CPU time spent (ms)=17970
		Physical memory (bytes) snapshot=611180544
		Virtual memory (bytes) snapshot=4383354880
		Total committed heap usage (bytes)=341311488
	Shuffle Errors
		BAD_ID=0
		CONNECTION=0
		IO_ERROR=0
		WRONG_LENGTH=0
		WRONG_MAP=0
		WRONG_REDUCE=0
	File Input Format Counters 
		Bytes Read=13940407
	File Output Format Counters 
		Bytes Written=13940407
16/10/09 23:09:28 INFO client.RMProxy: Connecting to ResourceManager at comet-06-24.ibnet/10.22.254.127:8032
16/10/09 23:09:28 INFO input.FileInputFormat: Total input paths to process : 1
16/10/09 23:09:28 INFO mapreduce.JobSubmitter: number of splits:1
16/10/09 23:09:28 INFO mapreduce.JobSubmitter: Submitting tokens for job: job_1476079664041_0005
16/10/09 23:09:28 INFO impl.YarnClientImpl: Submitted application application_1476079664041_0005
16/10/09 23:09:28 INFO mapreduce.Job: The url to track the job: http://comet-06-24.ibnet:8088/proxy/application_1476079664041_0005/
16/10/09 23:09:28 INFO mapreduce.Job: Running job: job_1476079664041_0005
16/10/09 23:09:33 INFO mapreduce.Job: Job job_1476079664041_0005 running in uber mode : false
16/10/09 23:09:33 INFO mapreduce.Job:  map 0% reduce 0%
16/10/09 23:09:39 INFO mapreduce.Job:  map 100% reduce 0%
16/10/09 23:09:45 INFO mapreduce.Job:  map 100% reduce 100%
16/10/09 23:09:45 INFO mapreduce.Job: Job job_1476079664041_0005 completed successfully
16/10/09 23:09:45 INFO mapreduce.Job: Counters: 49
	File System Counters
		FILE: Number of bytes read=56483400
		FILE: Number of bytes written=113620261
		FILE: Number of read operations=0
		FILE: Number of large read operations=0
		FILE: Number of write operations=0
		HDFS: Number of bytes read=13940543
		HDFS: Number of bytes written=13940407
		HDFS: Number of read operations=7
		HDFS: Number of large read operations=0
		HDFS: Number of write operations=2
	Job Counters 
		Launched map tasks=1
		Launched reduce tasks=1
		Data-local map tasks=1
		Total time spent by all maps in occupied slots (ms)=3971
		Total time spent by all reduces in occupied slots (ms)=3229
		Total time spent by all map tasks (ms)=3971
		Total time spent by all reduce tasks (ms)=3229
		Total vcore-seconds taken by all map tasks=3971
		Total vcore-seconds taken by all reduce tasks=3229
		Total megabyte-seconds taken by all map tasks=4066304
		Total megabyte-seconds taken by all reduce tasks=3306496
	Map-Reduce Framework
		Map input records=100000
		Map output records=1300888
		Map output bytes=53837296
		Map output materialized bytes=56483400
		Input split bytes=136
		Combine input records=0
		Combine output records=0
		Reduce input groups=100000
		Reduce shuffle bytes=56483400
		Reduce input records=1300888
		Reduce output records=100000
		Spilled Records=2601776
		Shuffled Maps =1
		Failed Shuffles=0
		Merged Map outputs=1
		GC time elapsed (ms)=99
		CPU time spent (ms)=9510
		Physical memory (bytes) snapshot=615305216
		Virtual memory (bytes) snapshot=4412915712
		Total committed heap usage (bytes)=338690048
	Shuffle Errors
		BAD_ID=0
		CONNECTION=0
		IO_ERROR=0
		WRONG_LENGTH=0
		WRONG_MAP=0
		WRONG_REDUCE=0
	File Input Format Counters 
		Bytes Read=13940407
	File Output Format Counters 
		Bytes Written=13940407
16/10/09 23:09:45 INFO client.RMProxy: Connecting to ResourceManager at comet-06-24.ibnet/10.22.254.127:8032
16/10/09 23:09:45 INFO input.FileInputFormat: Total input paths to process : 1
16/10/09 23:09:45 INFO mapreduce.JobSubmitter: number of splits:1
16/10/09 23:09:45 INFO mapreduce.JobSubmitter: Submitting tokens for job: job_1476079664041_0006
16/10/09 23:09:45 INFO impl.YarnClientImpl: Submitted application application_1476079664041_0006
16/10/09 23:09:45 INFO mapreduce.Job: The url to track the job: http://comet-06-24.ibnet:8088/proxy/application_1476079664041_0006/
16/10/09 23:09:45 INFO mapreduce.Job: Running job: job_1476079664041_0006
16/10/09 23:09:49 INFO mapreduce.Job: Job job_1476079664041_0006 running in uber mode : false
16/10/09 23:09:49 INFO mapreduce.Job:  map 0% reduce 0%
16/10/09 23:09:55 INFO mapreduce.Job:  map 100% reduce 0%
16/10/09 23:10:01 INFO mapreduce.Job:  map 100% reduce 100%
16/10/09 23:10:01 INFO mapreduce.Job: Job job_1476079664041_0006 completed successfully
16/10/09 23:10:01 INFO mapreduce.Job: Counters: 49
	File System Counters
		FILE: Number of bytes read=56483400
		FILE: Number of bytes written=113620261
		FILE: Number of read operations=0
		FILE: Number of large read operations=0
		FILE: Number of write operations=0
		HDFS: Number of bytes read=13940543
		HDFS: Number of bytes written=13940407
		HDFS: Number of read operations=7
		HDFS: Number of large read operations=0
		HDFS: Number of write operations=2
	Job Counters 
		Launched map tasks=1
		Launched reduce tasks=1
		Data-local map tasks=1
		Total time spent by all maps in occupied slots (ms)=3955
		Total time spent by all reduces in occupied slots (ms)=3092
		Total time spent by all map tasks (ms)=3955
		Total time spent by all reduce tasks (ms)=3092
		Total vcore-seconds taken by all map tasks=3955
		Total vcore-seconds taken by all reduce tasks=3092
		Total megabyte-seconds taken by all map tasks=4049920
		Total megabyte-seconds taken by all reduce tasks=3166208
	Map-Reduce Framework
		Map input records=100000
		Map output records=1300888
		Map output bytes=53837296
		Map output materialized bytes=56483400
		Input split bytes=136
		Combine input records=0
		Combine output records=0
		Reduce input groups=100000
		Reduce shuffle bytes=56483400
		Reduce input records=1300888
		Reduce output records=100000
		Spilled Records=2601776
		Shuffled Maps =1
		Failed Shuffles=0
		Merged Map outputs=1
		GC time elapsed (ms)=107
		CPU time spent (ms)=9640
		Physical memory (bytes) snapshot=615317504
		Virtual memory (bytes) snapshot=4366569472
		Total committed heap usage (bytes)=339738624
	Shuffle Errors
		BAD_ID=0
		CONNECTION=0
		IO_ERROR=0
		WRONG_LENGTH=0
		WRONG_MAP=0
		WRONG_REDUCE=0
	File Input Format Counters 
		Bytes Read=13940407
	File Output Format Counters 
		Bytes Written=13940407
16/10/09 23:10:01 INFO client.RMProxy: Connecting to ResourceManager at comet-06-24.ibnet/10.22.254.127:8032
16/10/09 23:10:01 INFO input.FileInputFormat: Total input paths to process : 1
16/10/09 23:10:01 INFO mapreduce.JobSubmitter: number of splits:1
16/10/09 23:10:02 INFO mapreduce.JobSubmitter: Submitting tokens for job: job_1476079664041_0007
16/10/09 23:10:02 INFO impl.YarnClientImpl: Submitted application application_1476079664041_0007
16/10/09 23:10:02 INFO mapreduce.Job: The url to track the job: http://comet-06-24.ibnet:8088/proxy/application_1476079664041_0007/
16/10/09 23:10:02 INFO mapreduce.Job: Running job: job_1476079664041_0007
16/10/09 23:10:09 INFO mapreduce.Job: Job job_1476079664041_0007 running in uber mode : false
16/10/09 23:10:09 INFO mapreduce.Job:  map 0% reduce 0%
16/10/09 23:10:16 INFO mapreduce.Job:  map 100% reduce 0%
16/10/09 23:10:21 INFO mapreduce.Job:  map 100% reduce 100%
16/10/09 23:10:22 INFO mapreduce.Job: Job job_1476079664041_0007 completed successfully
16/10/09 23:10:22 INFO mapreduce.Job: Counters: 49
	File System Counters
		FILE: Number of bytes read=1800006
		FILE: Number of bytes written=3812195
		FILE: Number of read operations=0
		FILE: Number of large read operations=0
		FILE: Number of write operations=0
		HDFS: Number of bytes read=13940543
		HDFS: Number of bytes written=64
		HDFS: Number of read operations=7
		HDFS: Number of large read operations=0
		HDFS: Number of write operations=2
	Job Counters 
		Launched map tasks=1
		Launched reduce tasks=1
		Data-local map tasks=1
		Total time spent by all maps in occupied slots (ms)=4940
		Total time spent by all reduces in occupied slots (ms)=2121
		Total time spent by all map tasks (ms)=4940
		Total time spent by all reduce tasks (ms)=2121
		Total vcore-seconds taken by all map tasks=4940
		Total vcore-seconds taken by all reduce tasks=2121
		Total megabyte-seconds taken by all map tasks=5058560
		Total megabyte-seconds taken by all reduce tasks=2171904
	Map-Reduce Framework
		Map input records=100000
		Map output records=100000
		Map output bytes=1600000
		Map output materialized bytes=1800006
		Input split bytes=136
		Combine input records=0
		Combine output records=0
		Reduce input groups=12
		Reduce shuffle bytes=1800006
		Reduce input records=100000
		Reduce output records=12
		Spilled Records=200000
		Shuffled Maps =1
		Failed Shuffles=0
		Merged Map outputs=1
		GC time elapsed (ms)=129
		CPU time spent (ms)=10490
		Physical memory (bytes) snapshot=662982656
		Virtual memory (bytes) snapshot=4456017920
		Total committed heap usage (bytes)=338165760
	Shuffle Errors
		BAD_ID=0
		CONNECTION=0
		IO_ERROR=0
		WRONG_LENGTH=0
		WRONG_MAP=0
		WRONG_REDUCE=0
	File Input Format Counters 
		Bytes Read=13940407
	File Output Format Counters 
		Bytes Written=64
16/10/09 23:10:23 WARN util.NativeCodeLoader: Unable to load native-hadoop library for your platform... using builtin-java classes where applicable
stopping yarn daemons
stopping resourcemanager
comet-06-24.ibnet: stopping nodemanager
comet-06-24.ibnet: nodemanager did not stop gracefully after 5 seconds: killing with kill -9
comet-25-29.ibnet: stopping nodemanager
comet-25-29.ibnet: nodemanager did not stop gracefully after 5 seconds: killing with kill -9
comet-10-64.ibnet: stopping nodemanager
comet-10-64.ibnet: nodemanager did not stop gracefully after 5 seconds: killing with kill -9
no proxyserver to stop
16/10/09 23:10:34 WARN util.NativeCodeLoader: Unable to load native-hadoop library for your platform... using builtin-java classes where applicable
Stopping namenodes on [comet-06-24.ibnet]
comet-06-24.ibnet: stopping namenode
comet-06-24.ibnet: stopping datanode
comet-25-29.ibnet: stopping datanode
comet-10-64.ibnet: stopping datanode
Stopping secondary namenodes [comet-06-24.ibnet]
comet-06-24.ibnet: stopping secondarynamenode
16/10/09 23:10:53 WARN util.NativeCodeLoader: Unable to load native-hadoop library for your platform... using builtin-java classes where applicable
Copying Hadoop logs back to /home/aimram/cometcluster/logs...
`/scratch/aimram/4790799/logs' -> `/home/aimram/cometcluster/logs'
`/scratch/aimram/4790799/logs/hadoop-aimram-datanode-comet-06-24.sdsc.edu.out' -> `/home/aimram/cometcluster/logs/hadoop-aimram-datanode-comet-06-24.sdsc.edu.out'
`/scratch/aimram/4790799/logs/yarn-aimram-nodemanager-comet-06-24.sdsc.edu.log' -> `/home/aimram/cometcluster/logs/yarn-aimram-nodemanager-comet-06-24.sdsc.edu.log'
`/scratch/aimram/4790799/logs/hadoop-aimram-secondarynamenode-comet-06-24.sdsc.edu.log' -> `/home/aimram/cometcluster/logs/hadoop-aimram-secondarynamenode-comet-06-24.sdsc.edu.log'
`/scratch/aimram/4790799/logs/hadoop-aimram-namenode-comet-06-24.sdsc.edu.out' -> `/home/aimram/cometcluster/logs/hadoop-aimram-namenode-comet-06-24.sdsc.edu.out'
`/scratch/aimram/4790799/logs/SecurityAuth-aimram.audit' -> `/home/aimram/cometcluster/logs/SecurityAuth-aimram.audit'
`/scratch/aimram/4790799/logs/yarn-aimram-resourcemanager-comet-06-24.log' -> `/home/aimram/cometcluster/logs/yarn-aimram-resourcemanager-comet-06-24.log'
`/scratch/aimram/4790799/logs/yarn-aimram-resourcemanager-comet-06-24.out' -> `/home/aimram/cometcluster/logs/yarn-aimram-resourcemanager-comet-06-24.out'
`/scratch/aimram/4790799/logs/userlogs' -> `/home/aimram/cometcluster/logs/userlogs'
`/scratch/aimram/4790799/logs/userlogs/application_1476079664041_0002' -> `/home/aimram/cometcluster/logs/userlogs/application_1476079664041_0002'
`/scratch/aimram/4790799/logs/userlogs/application_1476079664041_0002/container_1476079664041_0002_01_000002' -> `/home/aimram/cometcluster/logs/userlogs/application_1476079664041_0002/container_1476079664041_0002_01_000002'
`/scratch/aimram/4790799/logs/userlogs/application_1476079664041_0002/container_1476079664041_0002_01_000002/stdout' -> `/home/aimram/cometcluster/logs/userlogs/application_1476079664041_0002/container_1476079664041_0002_01_000002/stdout'
`/scratch/aimram/4790799/logs/userlogs/application_1476079664041_0002/container_1476079664041_0002_01_000002/syslog' -> `/home/aimram/cometcluster/logs/userlogs/application_1476079664041_0002/container_1476079664041_0002_01_000002/syslog'
`/scratch/aimram/4790799/logs/userlogs/application_1476079664041_0002/container_1476079664041_0002_01_000002/stderr' -> `/home/aimram/cometcluster/logs/userlogs/application_1476079664041_0002/container_1476079664041_0002_01_000002/stderr'
`/scratch/aimram/4790799/logs/userlogs/application_1476079664041_0001' -> `/home/aimram/cometcluster/logs/userlogs/application_1476079664041_0001'
`/scratch/aimram/4790799/logs/userlogs/application_1476079664041_0001/container_1476079664041_0001_01_000003' -> `/home/aimram/cometcluster/logs/userlogs/application_1476079664041_0001/container_1476079664041_0001_01_000003'
`/scratch/aimram/4790799/logs/userlogs/application_1476079664041_0001/container_1476079664041_0001_01_000003/stderr' -> `/home/aimram/cometcluster/logs/userlogs/application_1476079664041_0001/container_1476079664041_0001_01_000003/stderr'
`/scratch/aimram/4790799/logs/userlogs/application_1476079664041_0001/container_1476079664041_0001_01_000003/stdout' -> `/home/aimram/cometcluster/logs/userlogs/application_1476079664041_0001/container_1476079664041_0001_01_000003/stdout'
`/scratch/aimram/4790799/logs/userlogs/application_1476079664041_0001/container_1476079664041_0001_01_000003/syslog' -> `/home/aimram/cometcluster/logs/userlogs/application_1476079664041_0001/container_1476079664041_0001_01_000003/syslog'
`/scratch/aimram/4790799/logs/userlogs/application_1476079664041_0004' -> `/home/aimram/cometcluster/logs/userlogs/application_1476079664041_0004'
`/scratch/aimram/4790799/logs/userlogs/application_1476079664041_0004/container_1476079664041_0004_01_000003' -> `/home/aimram/cometcluster/logs/userlogs/application_1476079664041_0004/container_1476079664041_0004_01_000003'
`/scratch/aimram/4790799/logs/userlogs/application_1476079664041_0004/container_1476079664041_0004_01_000003/stderr' -> `/home/aimram/cometcluster/logs/userlogs/application_1476079664041_0004/container_1476079664041_0004_01_000003/stderr'
`/scratch/aimram/4790799/logs/userlogs/application_1476079664041_0004/container_1476079664041_0004_01_000003/syslog' -> `/home/aimram/cometcluster/logs/userlogs/application_1476079664041_0004/container_1476079664041_0004_01_000003/syslog'
`/scratch/aimram/4790799/logs/userlogs/application_1476079664041_0004/container_1476079664041_0004_01_000003/stdout' -> `/home/aimram/cometcluster/logs/userlogs/application_1476079664041_0004/container_1476079664041_0004_01_000003/stdout'
`/scratch/aimram/4790799/logs/userlogs/application_1476079664041_0007' -> `/home/aimram/cometcluster/logs/userlogs/application_1476079664041_0007'
`/scratch/aimram/4790799/logs/userlogs/application_1476079664041_0007/container_1476079664041_0007_01_000003' -> `/home/aimram/cometcluster/logs/userlogs/application_1476079664041_0007/container_1476079664041_0007_01_000003'
`/scratch/aimram/4790799/logs/userlogs/application_1476079664041_0007/container_1476079664041_0007_01_000003/stderr' -> `/home/aimram/cometcluster/logs/userlogs/application_1476079664041_0007/container_1476079664041_0007_01_000003/stderr'
`/scratch/aimram/4790799/logs/userlogs/application_1476079664041_0007/container_1476079664041_0007_01_000003/syslog' -> `/home/aimram/cometcluster/logs/userlogs/application_1476079664041_0007/container_1476079664041_0007_01_000003/syslog'
`/scratch/aimram/4790799/logs/userlogs/application_1476079664041_0007/container_1476079664041_0007_01_000003/stdout' -> `/home/aimram/cometcluster/logs/userlogs/application_1476079664041_0007/container_1476079664041_0007_01_000003/stdout'
`/scratch/aimram/4790799/logs/hadoop-aimram-namenode-comet-06-24.sdsc.edu.log' -> `/home/aimram/cometcluster/logs/hadoop-aimram-namenode-comet-06-24.sdsc.edu.log'
`/scratch/aimram/4790799/logs/hadoop-aimram-datanode-comet-06-24.sdsc.edu.log' -> `/home/aimram/cometcluster/logs/hadoop-aimram-datanode-comet-06-24.sdsc.edu.log'
`/scratch/aimram/4790799/logs/yarn-aimram-nodemanager-comet-06-24.sdsc.edu.out' -> `/home/aimram/cometcluster/logs/yarn-aimram-nodemanager-comet-06-24.sdsc.edu.out'
`/scratch/aimram/4790799/logs/hadoop-aimram-secondarynamenode-comet-06-24.sdsc.edu.out' -> `/home/aimram/cometcluster/logs/hadoop-aimram-secondarynamenode-comet-06-24.sdsc.edu.out'
removed directory: `/scratch/aimram/4790799/mapred_scratch/usercache/aimram/filecache'
removed directory: `/scratch/aimram/4790799/mapred_scratch/usercache/aimram/appcache'
removed directory: `/scratch/aimram/4790799/mapred_scratch/usercache/aimram'
removed directory: `/scratch/aimram/4790799/mapred_scratch/usercache'
removed directory: `/scratch/aimram/4790799/mapred_scratch/nmPrivate'
removed directory: `/scratch/aimram/4790799/mapred_scratch/filecache'
removed directory: `/scratch/aimram/4790799/mapred_scratch'
removed `/scratch/aimram/4790799/tmp/dfs/namesecondary/current/edits_0000000000000000001-0000000000000000142'
removed `/scratch/aimram/4790799/tmp/dfs/namesecondary/current/fsimage_0000000000000000000'
removed `/scratch/aimram/4790799/tmp/dfs/namesecondary/current/fsimage_0000000000000000142'
removed `/scratch/aimram/4790799/tmp/dfs/namesecondary/current/VERSION'
removed `/scratch/aimram/4790799/tmp/dfs/namesecondary/current/fsimage_0000000000000000000.md5'
removed `/scratch/aimram/4790799/tmp/dfs/namesecondary/current/fsimage_0000000000000000142.md5'
removed directory: `/scratch/aimram/4790799/tmp/dfs/namesecondary/current'
removed directory: `/scratch/aimram/4790799/tmp/dfs/namesecondary'
removed directory: `/scratch/aimram/4790799/tmp/dfs'
removed directory: `/scratch/aimram/4790799/tmp'
removed `/scratch/aimram/4790799/namenode_data/current/fsimage_0000000000000000142'
removed `/scratch/aimram/4790799/namenode_data/current/fsimage_0000000000000000000'
removed `/scratch/aimram/4790799/namenode_data/current/fsimage_0000000000000000000.md5'
removed `/scratch/aimram/4790799/namenode_data/current/edits_inprogress_0000000000000000143'
removed `/scratch/aimram/4790799/namenode_data/current/VERSION'
removed `/scratch/aimram/4790799/namenode_data/current/seen_txid'
removed `/scratch/aimram/4790799/namenode_data/current/fsimage_0000000000000000142.md5'
removed `/scratch/aimram/4790799/namenode_data/current/edits_0000000000000000001-0000000000000000142'
removed directory: `/scratch/aimram/4790799/namenode_data/current'
removed directory: `/scratch/aimram/4790799/namenode_data'
removed `/scratch/aimram/4790799/hdfs_data/current/VERSION'
removed `/scratch/aimram/4790799/hdfs_data/current/BP-2084156983-198.202.119.153-1476079646530/dncp_block_verification.log.curr'
removed `/scratch/aimram/4790799/hdfs_data/current/BP-2084156983-198.202.119.153-1476079646530/current/VERSION'
removed `/scratch/aimram/4790799/hdfs_data/current/BP-2084156983-198.202.119.153-1476079646530/current/dfsUsed'
removed `/scratch/aimram/4790799/hdfs_data/current/BP-2084156983-198.202.119.153-1476079646530/current/finalized/subdir0/subdir0/blk_1073741853'
removed `/scratch/aimram/4790799/hdfs_data/current/BP-2084156983-198.202.119.153-1476079646530/current/finalized/subdir0/subdir0/blk_1073741862_1038.meta'
removed `/scratch/aimram/4790799/hdfs_data/current/BP-2084156983-198.202.119.153-1476079646530/current/finalized/subdir0/subdir0/blk_1073741872_1048.meta'
removed `/scratch/aimram/4790799/hdfs_data/current/BP-2084156983-198.202.119.153-1476079646530/current/finalized/subdir0/subdir0/blk_1073741885'
removed `/scratch/aimram/4790799/hdfs_data/current/BP-2084156983-198.202.119.153-1476079646530/current/finalized/subdir0/subdir0/blk_1073741842_1018.meta'
removed `/scratch/aimram/4790799/hdfs_data/current/BP-2084156983-198.202.119.153-1476079646530/current/finalized/subdir0/subdir0/blk_1073741872'
removed `/scratch/aimram/4790799/hdfs_data/current/BP-2084156983-198.202.119.153-1476079646530/current/finalized/subdir0/subdir0/blk_1073741845_1021.meta'
removed `/scratch/aimram/4790799/hdfs_data/current/BP-2084156983-198.202.119.153-1476079646530/current/finalized/subdir0/subdir0/blk_1073741894_1070.meta'
removed `/scratch/aimram/4790799/hdfs_data/current/BP-2084156983-198.202.119.153-1476079646530/current/finalized/subdir0/subdir0/blk_1073741832_1008.meta'
removed `/scratch/aimram/4790799/hdfs_data/current/BP-2084156983-198.202.119.153-1476079646530/current/finalized/subdir0/subdir0/blk_1073741834_1010.meta'
removed `/scratch/aimram/4790799/hdfs_data/current/BP-2084156983-198.202.119.153-1476079646530/current/finalized/subdir0/subdir0/blk_1073741892_1068.meta'
removed `/scratch/aimram/4790799/hdfs_data/current/BP-2084156983-198.202.119.153-1476079646530/current/finalized/subdir0/subdir0/blk_1073741875'
removed `/scratch/aimram/4790799/hdfs_data/current/BP-2084156983-198.202.119.153-1476079646530/current/finalized/subdir0/subdir0/blk_1073741882'
removed `/scratch/aimram/4790799/hdfs_data/current/BP-2084156983-198.202.119.153-1476079646530/current/finalized/subdir0/subdir0/blk_1073741854'
removed `/scratch/aimram/4790799/hdfs_data/current/BP-2084156983-198.202.119.153-1476079646530/current/finalized/subdir0/subdir0/blk_1073741874_1050.meta'
removed `/scratch/aimram/4790799/hdfs_data/current/BP-2084156983-198.202.119.153-1476079646530/current/finalized/subdir0/subdir0/blk_1073741835_1011.meta'
removed `/scratch/aimram/4790799/hdfs_data/current/BP-2084156983-198.202.119.153-1476079646530/current/finalized/subdir0/subdir0/blk_1073741893_1069.meta'
removed `/scratch/aimram/4790799/hdfs_data/current/BP-2084156983-198.202.119.153-1476079646530/current/finalized/subdir0/subdir0/blk_1073741862'
removed `/scratch/aimram/4790799/hdfs_data/current/BP-2084156983-198.202.119.153-1476079646530/current/finalized/subdir0/subdir0/blk_1073741834'
removed `/scratch/aimram/4790799/hdfs_data/current/BP-2084156983-198.202.119.153-1476079646530/current/finalized/subdir0/subdir0/blk_1073741843'
removed `/scratch/aimram/4790799/hdfs_data/current/BP-2084156983-198.202.119.153-1476079646530/current/finalized/subdir0/subdir0/blk_1073741875_1051.meta'
removed `/scratch/aimram/4790799/hdfs_data/current/BP-2084156983-198.202.119.153-1476079646530/current/finalized/subdir0/subdir0/blk_1073741895'
removed `/scratch/aimram/4790799/hdfs_data/current/BP-2084156983-198.202.119.153-1476079646530/current/finalized/subdir0/subdir0/blk_1073741892'
removed `/scratch/aimram/4790799/hdfs_data/current/BP-2084156983-198.202.119.153-1476079646530/current/finalized/subdir0/subdir0/blk_1073741843_1019.meta'
removed `/scratch/aimram/4790799/hdfs_data/current/BP-2084156983-198.202.119.153-1476079646530/current/finalized/subdir0/subdir0/blk_1073741844'
removed `/scratch/aimram/4790799/hdfs_data/current/BP-2084156983-198.202.119.153-1476079646530/current/finalized/subdir0/subdir0/blk_1073741833'
removed `/scratch/aimram/4790799/hdfs_data/current/BP-2084156983-198.202.119.153-1476079646530/current/finalized/subdir0/subdir0/blk_1073741863_1039.meta'
removed `/scratch/aimram/4790799/hdfs_data/current/BP-2084156983-198.202.119.153-1476079646530/current/finalized/subdir0/subdir0/blk_1073741873_1049.meta'
removed `/scratch/aimram/4790799/hdfs_data/current/BP-2084156983-198.202.119.153-1476079646530/current/finalized/subdir0/subdir0/blk_1073741865'
removed `/scratch/aimram/4790799/hdfs_data/current/BP-2084156983-198.202.119.153-1476079646530/current/finalized/subdir0/subdir0/blk_1073741844_1020.meta'
removed `/scratch/aimram/4790799/hdfs_data/current/BP-2084156983-198.202.119.153-1476079646530/current/finalized/subdir0/subdir0/blk_1073741895_1071.meta'
removed `/scratch/aimram/4790799/hdfs_data/current/BP-2084156983-198.202.119.153-1476079646530/current/finalized/subdir0/subdir0/blk_1073741833_1009.meta'
removed `/scratch/aimram/4790799/hdfs_data/current/BP-2084156983-198.202.119.153-1476079646530/current/finalized/subdir0/subdir0/blk_1073741852_1028.meta'
removed `/scratch/aimram/4790799/hdfs_data/current/BP-2084156983-198.202.119.153-1476079646530/current/finalized/subdir0/subdir0/blk_1073741883'
removed `/scratch/aimram/4790799/hdfs_data/current/BP-2084156983-198.202.119.153-1476079646530/current/finalized/subdir0/subdir0/blk_1073741825_1001.meta'
removed `/scratch/aimram/4790799/hdfs_data/current/BP-2084156983-198.202.119.153-1476079646530/current/finalized/subdir0/subdir0/blk_1073741855'
removed `/scratch/aimram/4790799/hdfs_data/current/BP-2084156983-198.202.119.153-1476079646530/current/finalized/subdir0/subdir0/blk_1073741874'
removed `/scratch/aimram/4790799/hdfs_data/current/BP-2084156983-198.202.119.153-1476079646530/current/finalized/subdir0/subdir0/blk_1073741865_1041.meta'
removed `/scratch/aimram/4790799/hdfs_data/current/BP-2084156983-198.202.119.153-1476079646530/current/finalized/subdir0/subdir0/blk_1073741882_1058.meta'
removed `/scratch/aimram/4790799/hdfs_data/current/BP-2084156983-198.202.119.153-1476079646530/current/finalized/subdir0/subdir0/blk_1073741873'
removed `/scratch/aimram/4790799/hdfs_data/current/BP-2084156983-198.202.119.153-1476079646530/current/finalized/subdir0/subdir0/blk_1073741825'
removed `/scratch/aimram/4790799/hdfs_data/current/BP-2084156983-198.202.119.153-1476079646530/current/finalized/subdir0/subdir0/blk_1073741852'
removed `/scratch/aimram/4790799/hdfs_data/current/BP-2084156983-198.202.119.153-1476079646530/current/finalized/subdir0/subdir0/blk_1073741884'
removed `/scratch/aimram/4790799/hdfs_data/current/BP-2084156983-198.202.119.153-1476079646530/current/finalized/subdir0/subdir0/blk_1073741885_1061.meta'
removed `/scratch/aimram/4790799/hdfs_data/current/BP-2084156983-198.202.119.153-1476079646530/current/finalized/subdir0/subdir0/blk_1073741854_1030.meta'
removed `/scratch/aimram/4790799/hdfs_data/current/BP-2084156983-198.202.119.153-1476079646530/current/finalized/subdir0/subdir0/blk_1073741883_1059.meta'
removed `/scratch/aimram/4790799/hdfs_data/current/BP-2084156983-198.202.119.153-1476079646530/current/finalized/subdir0/subdir0/blk_1073741864'
removed `/scratch/aimram/4790799/hdfs_data/current/BP-2084156983-198.202.119.153-1476079646530/current/finalized/subdir0/subdir0/blk_1073741893'
removed `/scratch/aimram/4790799/hdfs_data/current/BP-2084156983-198.202.119.153-1476079646530/current/finalized/subdir0/subdir0/blk_1073741884_1060.meta'
removed `/scratch/aimram/4790799/hdfs_data/current/BP-2084156983-198.202.119.153-1476079646530/current/finalized/subdir0/subdir0/blk_1073741855_1031.meta'
removed `/scratch/aimram/4790799/hdfs_data/current/BP-2084156983-198.202.119.153-1476079646530/current/finalized/subdir0/subdir0/blk_1073741832'
removed `/scratch/aimram/4790799/hdfs_data/current/BP-2084156983-198.202.119.153-1476079646530/current/finalized/subdir0/subdir0/blk_1073741845'
removed `/scratch/aimram/4790799/hdfs_data/current/BP-2084156983-198.202.119.153-1476079646530/current/finalized/subdir0/subdir0/blk_1073741842'
removed `/scratch/aimram/4790799/hdfs_data/current/BP-2084156983-198.202.119.153-1476079646530/current/finalized/subdir0/subdir0/blk_1073741835'
removed `/scratch/aimram/4790799/hdfs_data/current/BP-2084156983-198.202.119.153-1476079646530/current/finalized/subdir0/subdir0/blk_1073741853_1029.meta'
removed `/scratch/aimram/4790799/hdfs_data/current/BP-2084156983-198.202.119.153-1476079646530/current/finalized/subdir0/subdir0/blk_1073741894'
removed `/scratch/aimram/4790799/hdfs_data/current/BP-2084156983-198.202.119.153-1476079646530/current/finalized/subdir0/subdir0/blk_1073741864_1040.meta'
removed `/scratch/aimram/4790799/hdfs_data/current/BP-2084156983-198.202.119.153-1476079646530/current/finalized/subdir0/subdir0/blk_1073741863'
removed directory: `/scratch/aimram/4790799/hdfs_data/current/BP-2084156983-198.202.119.153-1476079646530/current/finalized/subdir0/subdir0'
removed directory: `/scratch/aimram/4790799/hdfs_data/current/BP-2084156983-198.202.119.153-1476079646530/current/finalized/subdir0'
removed directory: `/scratch/aimram/4790799/hdfs_data/current/BP-2084156983-198.202.119.153-1476079646530/current/finalized'
removed directory: `/scratch/aimram/4790799/hdfs_data/current/BP-2084156983-198.202.119.153-1476079646530/current/rbw'
removed directory: `/scratch/aimram/4790799/hdfs_data/current/BP-2084156983-198.202.119.153-1476079646530/current'
removed directory: `/scratch/aimram/4790799/hdfs_data/current/BP-2084156983-198.202.119.153-1476079646530/tmp'
removed `/scratch/aimram/4790799/hdfs_data/current/BP-2084156983-198.202.119.153-1476079646530/dncp_block_verification.log.prev'
removed directory: `/scratch/aimram/4790799/hdfs_data/current/BP-2084156983-198.202.119.153-1476079646530'
removed directory: `/scratch/aimram/4790799/hdfs_data/current'
removed directory: `/scratch/aimram/4790799/hdfs_data'
removed directory: `/scratch/aimram/4790799/pids'
removed `/scratch/aimram/4790799/logs/hadoop-aimram-datanode-comet-06-24.sdsc.edu.out'
removed `/scratch/aimram/4790799/logs/yarn-aimram-nodemanager-comet-06-24.sdsc.edu.log'
removed `/scratch/aimram/4790799/logs/hadoop-aimram-secondarynamenode-comet-06-24.sdsc.edu.log'
removed `/scratch/aimram/4790799/logs/hadoop-aimram-namenode-comet-06-24.sdsc.edu.out'
removed `/scratch/aimram/4790799/logs/SecurityAuth-aimram.audit'
removed `/scratch/aimram/4790799/logs/yarn-aimram-resourcemanager-comet-06-24.log'
removed `/scratch/aimram/4790799/logs/yarn-aimram-resourcemanager-comet-06-24.out'
removed `/scratch/aimram/4790799/logs/userlogs/application_1476079664041_0002/container_1476079664041_0002_01_000002/stdout'
removed `/scratch/aimram/4790799/logs/userlogs/application_1476079664041_0002/container_1476079664041_0002_01_000002/syslog'
removed `/scratch/aimram/4790799/logs/userlogs/application_1476079664041_0002/container_1476079664041_0002_01_000002/stderr'
removed directory: `/scratch/aimram/4790799/logs/userlogs/application_1476079664041_0002/container_1476079664041_0002_01_000002'
removed directory: `/scratch/aimram/4790799/logs/userlogs/application_1476079664041_0002'
removed `/scratch/aimram/4790799/logs/userlogs/application_1476079664041_0001/container_1476079664041_0001_01_000003/stderr'
removed `/scratch/aimram/4790799/logs/userlogs/application_1476079664041_0001/container_1476079664041_0001_01_000003/stdout'
removed `/scratch/aimram/4790799/logs/userlogs/application_1476079664041_0001/container_1476079664041_0001_01_000003/syslog'
removed directory: `/scratch/aimram/4790799/logs/userlogs/application_1476079664041_0001/container_1476079664041_0001_01_000003'
removed directory: `/scratch/aimram/4790799/logs/userlogs/application_1476079664041_0001'
removed `/scratch/aimram/4790799/logs/userlogs/application_1476079664041_0004/container_1476079664041_0004_01_000003/stderr'
removed `/scratch/aimram/4790799/logs/userlogs/application_1476079664041_0004/container_1476079664041_0004_01_000003/syslog'
removed `/scratch/aimram/4790799/logs/userlogs/application_1476079664041_0004/container_1476079664041_0004_01_000003/stdout'
removed directory: `/scratch/aimram/4790799/logs/userlogs/application_1476079664041_0004/container_1476079664041_0004_01_000003'
removed directory: `/scratch/aimram/4790799/logs/userlogs/application_1476079664041_0004'
removed `/scratch/aimram/4790799/logs/userlogs/application_1476079664041_0007/container_1476079664041_0007_01_000003/stderr'
removed `/scratch/aimram/4790799/logs/userlogs/application_1476079664041_0007/container_1476079664041_0007_01_000003/syslog'
removed `/scratch/aimram/4790799/logs/userlogs/application_1476079664041_0007/container_1476079664041_0007_01_000003/stdout'
removed directory: `/scratch/aimram/4790799/logs/userlogs/application_1476079664041_0007/container_1476079664041_0007_01_000003'
removed directory: `/scratch/aimram/4790799/logs/userlogs/application_1476079664041_0007'
removed directory: `/scratch/aimram/4790799/logs/userlogs'
removed `/scratch/aimram/4790799/logs/hadoop-aimram-namenode-comet-06-24.sdsc.edu.log'
removed `/scratch/aimram/4790799/logs/hadoop-aimram-datanode-comet-06-24.sdsc.edu.log'
removed `/scratch/aimram/4790799/logs/yarn-aimram-nodemanager-comet-06-24.sdsc.edu.out'
removed `/scratch/aimram/4790799/logs/hadoop-aimram-secondarynamenode-comet-06-24.sdsc.edu.out'
removed directory: `/scratch/aimram/4790799/logs'
removed directory: `/scratch/aimram/4790799/mapred_scratch/nmPrivate'
removed directory: `/scratch/aimram/4790799/mapred_scratch/usercache/aimram/filecache'
removed directory: `/scratch/aimram/4790799/mapred_scratch/usercache/aimram/appcache'
removed directory: `/scratch/aimram/4790799/mapred_scratch/usercache/aimram'
removed directory: `/scratch/aimram/4790799/mapred_scratch/usercache'
removed directory: `/scratch/aimram/4790799/mapred_scratch/filecache'
removed directory: `/scratch/aimram/4790799/mapred_scratch'
removed `/scratch/aimram/4790799/hdfs_data/current/BP-2084156983-198.202.119.153-1476079646530/dncp_block_verification.log.curr'
removed `/scratch/aimram/4790799/hdfs_data/current/BP-2084156983-198.202.119.153-1476079646530/dncp_block_verification.log.prev'
removed `/scratch/aimram/4790799/hdfs_data/current/BP-2084156983-198.202.119.153-1476079646530/current/dfsUsed'
removed `/scratch/aimram/4790799/hdfs_data/current/BP-2084156983-198.202.119.153-1476079646530/current/VERSION'
removed directory: `/scratch/aimram/4790799/hdfs_data/current/BP-2084156983-198.202.119.153-1476079646530/current/rbw'
removed `/scratch/aimram/4790799/hdfs_data/current/BP-2084156983-198.202.119.153-1476079646530/current/finalized/subdir0/subdir0/blk_1073741852'
removed `/scratch/aimram/4790799/hdfs_data/current/BP-2084156983-198.202.119.153-1476079646530/current/finalized/subdir0/subdir0/blk_1073741825'
removed `/scratch/aimram/4790799/hdfs_data/current/BP-2084156983-198.202.119.153-1476079646530/current/finalized/subdir0/subdir0/blk_1073741875_1051.meta'
removed `/scratch/aimram/4790799/hdfs_data/current/BP-2084156983-198.202.119.153-1476079646530/current/finalized/subdir0/subdir0/blk_1073741884'
removed `/scratch/aimram/4790799/hdfs_data/current/BP-2084156983-198.202.119.153-1476079646530/current/finalized/subdir0/subdir0/blk_1073741835_1011.meta'
removed `/scratch/aimram/4790799/hdfs_data/current/BP-2084156983-198.202.119.153-1476079646530/current/finalized/subdir0/subdir0/blk_1073741893_1069.meta'
removed `/scratch/aimram/4790799/hdfs_data/current/BP-2084156983-198.202.119.153-1476079646530/current/finalized/subdir0/subdir0/blk_1073741873'
removed `/scratch/aimram/4790799/hdfs_data/current/BP-2084156983-198.202.119.153-1476079646530/current/finalized/subdir0/subdir0/blk_1073741844_1020.meta'
removed `/scratch/aimram/4790799/hdfs_data/current/BP-2084156983-198.202.119.153-1476079646530/current/finalized/subdir0/subdir0/blk_1073741895_1071.meta'
removed `/scratch/aimram/4790799/hdfs_data/current/BP-2084156983-198.202.119.153-1476079646530/current/finalized/subdir0/subdir0/blk_1073741833_1009.meta'
removed `/scratch/aimram/4790799/hdfs_data/current/BP-2084156983-198.202.119.153-1476079646530/current/finalized/subdir0/subdir0/blk_1073741874'
removed `/scratch/aimram/4790799/hdfs_data/current/BP-2084156983-198.202.119.153-1476079646530/current/finalized/subdir0/subdir0/blk_1073741843_1019.meta'
removed `/scratch/aimram/4790799/hdfs_data/current/BP-2084156983-198.202.119.153-1476079646530/current/finalized/subdir0/subdir0/blk_1073741883'
removed `/scratch/aimram/4790799/hdfs_data/current/BP-2084156983-198.202.119.153-1476079646530/current/finalized/subdir0/subdir0/blk_1073741873_1049.meta'
removed `/scratch/aimram/4790799/hdfs_data/current/BP-2084156983-198.202.119.153-1476079646530/current/finalized/subdir0/subdir0/blk_1073741863_1039.meta'
removed `/scratch/aimram/4790799/hdfs_data/current/BP-2084156983-198.202.119.153-1476079646530/current/finalized/subdir0/subdir0/blk_1073741855'
removed `/scratch/aimram/4790799/hdfs_data/current/BP-2084156983-198.202.119.153-1476079646530/current/finalized/subdir0/subdir0/blk_1073741845_1021.meta'
removed `/scratch/aimram/4790799/hdfs_data/current/BP-2084156983-198.202.119.153-1476079646530/current/finalized/subdir0/subdir0/blk_1073741894_1070.meta'
removed `/scratch/aimram/4790799/hdfs_data/current/BP-2084156983-198.202.119.153-1476079646530/current/finalized/subdir0/subdir0/blk_1073741863'
removed `/scratch/aimram/4790799/hdfs_data/current/BP-2084156983-198.202.119.153-1476079646530/current/finalized/subdir0/subdir0/blk_1073741832_1008.meta'
removed `/scratch/aimram/4790799/hdfs_data/current/BP-2084156983-198.202.119.153-1476079646530/current/finalized/subdir0/subdir0/blk_1073741872_1048.meta'
removed `/scratch/aimram/4790799/hdfs_data/current/BP-2084156983-198.202.119.153-1476079646530/current/finalized/subdir0/subdir0/blk_1073741862_1038.meta'
removed `/scratch/aimram/4790799/hdfs_data/current/BP-2084156983-198.202.119.153-1476079646530/current/finalized/subdir0/subdir0/blk_1073741835'
removed `/scratch/aimram/4790799/hdfs_data/current/BP-2084156983-198.202.119.153-1476079646530/current/finalized/subdir0/subdir0/blk_1073741842'
removed `/scratch/aimram/4790799/hdfs_data/current/BP-2084156983-198.202.119.153-1476079646530/current/finalized/subdir0/subdir0/blk_1073741842_1018.meta'
removed `/scratch/aimram/4790799/hdfs_data/current/BP-2084156983-198.202.119.153-1476079646530/current/finalized/subdir0/subdir0/blk_1073741894'
removed `/scratch/aimram/4790799/hdfs_data/current/BP-2084156983-198.202.119.153-1476079646530/current/finalized/subdir0/subdir0/blk_1073741893'
removed `/scratch/aimram/4790799/hdfs_data/current/BP-2084156983-198.202.119.153-1476079646530/current/finalized/subdir0/subdir0/blk_1073741845'
removed `/scratch/aimram/4790799/hdfs_data/current/BP-2084156983-198.202.119.153-1476079646530/current/finalized/subdir0/subdir0/blk_1073741832'
removed `/scratch/aimram/4790799/hdfs_data/current/BP-2084156983-198.202.119.153-1476079646530/current/finalized/subdir0/subdir0/blk_1073741874_1050.meta'
removed `/scratch/aimram/4790799/hdfs_data/current/BP-2084156983-198.202.119.153-1476079646530/current/finalized/subdir0/subdir0/blk_1073741834_1010.meta'
removed `/scratch/aimram/4790799/hdfs_data/current/BP-2084156983-198.202.119.153-1476079646530/current/finalized/subdir0/subdir0/blk_1073741892_1068.meta'
removed `/scratch/aimram/4790799/hdfs_data/current/BP-2084156983-198.202.119.153-1476079646530/current/finalized/subdir0/subdir0/blk_1073741864'
removed `/scratch/aimram/4790799/hdfs_data/current/BP-2084156983-198.202.119.153-1476079646530/current/finalized/subdir0/subdir0/blk_1073741884_1060.meta'
removed `/scratch/aimram/4790799/hdfs_data/current/BP-2084156983-198.202.119.153-1476079646530/current/finalized/subdir0/subdir0/blk_1073741855_1031.meta'
removed `/scratch/aimram/4790799/hdfs_data/current/BP-2084156983-198.202.119.153-1476079646530/current/finalized/subdir0/subdir0/blk_1073741882'
removed `/scratch/aimram/4790799/hdfs_data/current/BP-2084156983-198.202.119.153-1476079646530/current/finalized/subdir0/subdir0/blk_1073741854'
removed `/scratch/aimram/4790799/hdfs_data/current/BP-2084156983-198.202.119.153-1476079646530/current/finalized/subdir0/subdir0/blk_1073741883_1059.meta'
removed `/scratch/aimram/4790799/hdfs_data/current/BP-2084156983-198.202.119.153-1476079646530/current/finalized/subdir0/subdir0/blk_1073741875'
removed `/scratch/aimram/4790799/hdfs_data/current/BP-2084156983-198.202.119.153-1476079646530/current/finalized/subdir0/subdir0/blk_1073741864_1040.meta'
removed `/scratch/aimram/4790799/hdfs_data/current/BP-2084156983-198.202.119.153-1476079646530/current/finalized/subdir0/subdir0/blk_1073741872'
removed `/scratch/aimram/4790799/hdfs_data/current/BP-2084156983-198.202.119.153-1476079646530/current/finalized/subdir0/subdir0/blk_1073741853'
removed `/scratch/aimram/4790799/hdfs_data/current/BP-2084156983-198.202.119.153-1476079646530/current/finalized/subdir0/subdir0/blk_1073741885'
removed `/scratch/aimram/4790799/hdfs_data/current/BP-2084156983-198.202.119.153-1476079646530/current/finalized/subdir0/subdir0/blk_1073741853_1029.meta'
removed `/scratch/aimram/4790799/hdfs_data/current/BP-2084156983-198.202.119.153-1476079646530/current/finalized/subdir0/subdir0/blk_1073741865'
removed `/scratch/aimram/4790799/hdfs_data/current/BP-2084156983-198.202.119.153-1476079646530/current/finalized/subdir0/subdir0/blk_1073741865_1041.meta'
removed `/scratch/aimram/4790799/hdfs_data/current/BP-2084156983-198.202.119.153-1476079646530/current/finalized/subdir0/subdir0/blk_1073741892'
removed `/scratch/aimram/4790799/hdfs_data/current/BP-2084156983-198.202.119.153-1476079646530/current/finalized/subdir0/subdir0/blk_1073741852_1028.meta'
removed `/scratch/aimram/4790799/hdfs_data/current/BP-2084156983-198.202.119.153-1476079646530/current/finalized/subdir0/subdir0/blk_1073741825_1001.meta'
removed `/scratch/aimram/4790799/hdfs_data/current/BP-2084156983-198.202.119.153-1476079646530/current/finalized/subdir0/subdir0/blk_1073741833'
removed `/scratch/aimram/4790799/hdfs_data/current/BP-2084156983-198.202.119.153-1476079646530/current/finalized/subdir0/subdir0/blk_1073741844'
removed `/scratch/aimram/4790799/hdfs_data/current/BP-2084156983-198.202.119.153-1476079646530/current/finalized/subdir0/subdir0/blk_1073741843'
removed `/scratch/aimram/4790799/hdfs_data/current/BP-2084156983-198.202.119.153-1476079646530/current/finalized/subdir0/subdir0/blk_1073741834'
removed `/scratch/aimram/4790799/hdfs_data/current/BP-2084156983-198.202.119.153-1476079646530/current/finalized/subdir0/subdir0/blk_1073741885_1061.meta'
removed `/scratch/aimram/4790799/hdfs_data/current/BP-2084156983-198.202.119.153-1476079646530/current/finalized/subdir0/subdir0/blk_1073741854_1030.meta'
removed `/scratch/aimram/4790799/hdfs_data/current/BP-2084156983-198.202.119.153-1476079646530/current/finalized/subdir0/subdir0/blk_1073741895'
removed `/scratch/aimram/4790799/hdfs_data/current/BP-2084156983-198.202.119.153-1476079646530/current/finalized/subdir0/subdir0/blk_1073741882_1058.meta'
removed `/scratch/aimram/4790799/hdfs_data/current/BP-2084156983-198.202.119.153-1476079646530/current/finalized/subdir0/subdir0/blk_1073741862'
removed directory: `/scratch/aimram/4790799/hdfs_data/current/BP-2084156983-198.202.119.153-1476079646530/current/finalized/subdir0/subdir0'
removed directory: `/scratch/aimram/4790799/hdfs_data/current/BP-2084156983-198.202.119.153-1476079646530/current/finalized/subdir0'
removed directory: `/scratch/aimram/4790799/hdfs_data/current/BP-2084156983-198.202.119.153-1476079646530/current/finalized'
removed directory: `/scratch/aimram/4790799/hdfs_data/current/BP-2084156983-198.202.119.153-1476079646530/current'
removed directory: `/scratch/aimram/4790799/hdfs_data/current/BP-2084156983-198.202.119.153-1476079646530/tmp'
removed directory: `/scratch/aimram/4790799/hdfs_data/current/BP-2084156983-198.202.119.153-1476079646530'
removed `/scratch/aimram/4790799/hdfs_data/current/VERSION'
removed directory: `/scratch/aimram/4790799/hdfs_data/current'
removed directory: `/scratch/aimram/4790799/hdfs_data'
removed directory: `/scratch/aimram/4790799/pids'
removed `/scratch/aimram/4790799/logs/yarn-aimram-nodemanager-comet-10-64.sdsc.edu.out'
removed `/scratch/aimram/4790799/logs/hadoop-aimram-datanode-comet-10-64.sdsc.edu.log'
removed `/scratch/aimram/4790799/logs/SecurityAuth-aimram.audit'
removed `/scratch/aimram/4790799/logs/hadoop-aimram-datanode-comet-10-64.sdsc.edu.out'
removed `/scratch/aimram/4790799/logs/yarn-aimram-nodemanager-comet-10-64.sdsc.edu.log'
removed `/scratch/aimram/4790799/logs/userlogs/application_1476079664041_0002/container_1476079664041_0002_01_000003/stderr'
removed `/scratch/aimram/4790799/logs/userlogs/application_1476079664041_0002/container_1476079664041_0002_01_000003/stdout'
removed `/scratch/aimram/4790799/logs/userlogs/application_1476079664041_0002/container_1476079664041_0002_01_000003/syslog'
removed directory: `/scratch/aimram/4790799/logs/userlogs/application_1476079664041_0002/container_1476079664041_0002_01_000003'
removed directory: `/scratch/aimram/4790799/logs/userlogs/application_1476079664041_0002'
removed `/scratch/aimram/4790799/logs/userlogs/application_1476079664041_0001/container_1476079664041_0001_01_000001/syslog'
removed `/scratch/aimram/4790799/logs/userlogs/application_1476079664041_0001/container_1476079664041_0001_01_000001/stdout'
removed `/scratch/aimram/4790799/logs/userlogs/application_1476079664041_0001/container_1476079664041_0001_01_000001/stderr'
removed directory: `/scratch/aimram/4790799/logs/userlogs/application_1476079664041_0001/container_1476079664041_0001_01_000001'
removed `/scratch/aimram/4790799/logs/userlogs/application_1476079664041_0001/container_1476079664041_0001_01_000002/syslog'
removed `/scratch/aimram/4790799/logs/userlogs/application_1476079664041_0001/container_1476079664041_0001_01_000002/stdout'
removed `/scratch/aimram/4790799/logs/userlogs/application_1476079664041_0001/container_1476079664041_0001_01_000002/stderr'
removed directory: `/scratch/aimram/4790799/logs/userlogs/application_1476079664041_0001/container_1476079664041_0001_01_000002'
removed directory: `/scratch/aimram/4790799/logs/userlogs/application_1476079664041_0001'
removed `/scratch/aimram/4790799/logs/userlogs/application_1476079664041_0004/container_1476079664041_0004_01_000002/syslog'
removed `/scratch/aimram/4790799/logs/userlogs/application_1476079664041_0004/container_1476079664041_0004_01_000002/stdout'
removed `/scratch/aimram/4790799/logs/userlogs/application_1476079664041_0004/container_1476079664041_0004_01_000002/stderr'
removed directory: `/scratch/aimram/4790799/logs/userlogs/application_1476079664041_0004/container_1476079664041_0004_01_000002'
removed directory: `/scratch/aimram/4790799/logs/userlogs/application_1476079664041_0004'
removed `/scratch/aimram/4790799/logs/userlogs/application_1476079664041_0007/container_1476079664041_0007_01_000001/stderr'
removed `/scratch/aimram/4790799/logs/userlogs/application_1476079664041_0007/container_1476079664041_0007_01_000001/stdout'
removed `/scratch/aimram/4790799/logs/userlogs/application_1476079664041_0007/container_1476079664041_0007_01_000001/syslog'
removed directory: `/scratch/aimram/4790799/logs/userlogs/application_1476079664041_0007/container_1476079664041_0007_01_000001'
removed `/scratch/aimram/4790799/logs/userlogs/application_1476079664041_0007/container_1476079664041_0007_01_000002/stdout'
removed `/scratch/aimram/4790799/logs/userlogs/application_1476079664041_0007/container_1476079664041_0007_01_000002/syslog'
removed `/scratch/aimram/4790799/logs/userlogs/application_1476079664041_0007/container_1476079664041_0007_01_000002/stderr'
removed directory: `/scratch/aimram/4790799/logs/userlogs/application_1476079664041_0007/container_1476079664041_0007_01_000002'
removed directory: `/scratch/aimram/4790799/logs/userlogs/application_1476079664041_0007'
removed directory: `/scratch/aimram/4790799/logs/userlogs'
removed directory: `/scratch/aimram/4790799/logs'
removed directory: `/scratch/aimram/4790799/mapred_scratch/nmPrivate'
removed directory: `/scratch/aimram/4790799/mapred_scratch/usercache/aimram/filecache'
removed directory: `/scratch/aimram/4790799/mapred_scratch/usercache/aimram/appcache'
removed directory: `/scratch/aimram/4790799/mapred_scratch/usercache/aimram'
removed directory: `/scratch/aimram/4790799/mapred_scratch/usercache'
removed directory: `/scratch/aimram/4790799/mapred_scratch/filecache'
removed directory: `/scratch/aimram/4790799/mapred_scratch'
removed `/scratch/aimram/4790799/hdfs_data/current/VERSION'
removed directory: `/scratch/aimram/4790799/hdfs_data/current/BP-2084156983-198.202.119.153-1476079646530/current/rbw'
removed `/scratch/aimram/4790799/hdfs_data/current/BP-2084156983-198.202.119.153-1476079646530/current/VERSION'
removed `/scratch/aimram/4790799/hdfs_data/current/BP-2084156983-198.202.119.153-1476079646530/current/finalized/subdir0/subdir0/blk_1073741853_1029.meta'
removed `/scratch/aimram/4790799/hdfs_data/current/BP-2084156983-198.202.119.153-1476079646530/current/finalized/subdir0/subdir0/blk_1073741875'
removed `/scratch/aimram/4790799/hdfs_data/current/BP-2084156983-198.202.119.153-1476079646530/current/finalized/subdir0/subdir0/blk_1073741882'
removed `/scratch/aimram/4790799/hdfs_data/current/BP-2084156983-198.202.119.153-1476079646530/current/finalized/subdir0/subdir0/blk_1073741864_1040.meta'
removed `/scratch/aimram/4790799/hdfs_data/current/BP-2084156983-198.202.119.153-1476079646530/current/finalized/subdir0/subdir0/blk_1073741854'
removed `/scratch/aimram/4790799/hdfs_data/current/BP-2084156983-198.202.119.153-1476079646530/current/finalized/subdir0/subdir0/blk_1073741853'
removed `/scratch/aimram/4790799/hdfs_data/current/BP-2084156983-198.202.119.153-1476079646530/current/finalized/subdir0/subdir0/blk_1073741883_1059.meta'
removed `/scratch/aimram/4790799/hdfs_data/current/BP-2084156983-198.202.119.153-1476079646530/current/finalized/subdir0/subdir0/blk_1073741885'
removed `/scratch/aimram/4790799/hdfs_data/current/BP-2084156983-198.202.119.153-1476079646530/current/finalized/subdir0/subdir0/blk_1073741872'
removed `/scratch/aimram/4790799/hdfs_data/current/BP-2084156983-198.202.119.153-1476079646530/current/finalized/subdir0/subdir0/blk_1073741855_1031.meta'
removed `/scratch/aimram/4790799/hdfs_data/current/BP-2084156983-198.202.119.153-1476079646530/current/finalized/subdir0/subdir0/blk_1073741884_1060.meta'
removed `/scratch/aimram/4790799/hdfs_data/current/BP-2084156983-198.202.119.153-1476079646530/current/finalized/subdir0/subdir0/blk_1073741882_1058.meta'
removed `/scratch/aimram/4790799/hdfs_data/current/BP-2084156983-198.202.119.153-1476079646530/current/finalized/subdir0/subdir0/blk_1073741892'
removed `/scratch/aimram/4790799/hdfs_data/current/BP-2084156983-198.202.119.153-1476079646530/current/finalized/subdir0/subdir0/blk_1073741833'
removed `/scratch/aimram/4790799/hdfs_data/current/BP-2084156983-198.202.119.153-1476079646530/current/finalized/subdir0/subdir0/blk_1073741844'
removed `/scratch/aimram/4790799/hdfs_data/current/BP-2084156983-198.202.119.153-1476079646530/current/finalized/subdir0/subdir0/blk_1073741865'
removed `/scratch/aimram/4790799/hdfs_data/current/BP-2084156983-198.202.119.153-1476079646530/current/finalized/subdir0/subdir0/blk_1073741854_1030.meta'
removed `/scratch/aimram/4790799/hdfs_data/current/BP-2084156983-198.202.119.153-1476079646530/current/finalized/subdir0/subdir0/blk_1073741885_1061.meta'
removed `/scratch/aimram/4790799/hdfs_data/current/BP-2084156983-198.202.119.153-1476079646530/current/finalized/subdir0/subdir0/blk_1073741852_1028.meta'
removed `/scratch/aimram/4790799/hdfs_data/current/BP-2084156983-198.202.119.153-1476079646530/current/finalized/subdir0/subdir0/blk_1073741862'
removed `/scratch/aimram/4790799/hdfs_data/current/BP-2084156983-198.202.119.153-1476079646530/current/finalized/subdir0/subdir0/blk_1073741825_1001.meta'
removed `/scratch/aimram/4790799/hdfs_data/current/BP-2084156983-198.202.119.153-1476079646530/current/finalized/subdir0/subdir0/blk_1073741865_1041.meta'
removed `/scratch/aimram/4790799/hdfs_data/current/BP-2084156983-198.202.119.153-1476079646530/current/finalized/subdir0/subdir0/blk_1073741843'
removed `/scratch/aimram/4790799/hdfs_data/current/BP-2084156983-198.202.119.153-1476079646530/current/finalized/subdir0/subdir0/blk_1073741834'
removed `/scratch/aimram/4790799/hdfs_data/current/BP-2084156983-198.202.119.153-1476079646530/current/finalized/subdir0/subdir0/blk_1073741895'
removed `/scratch/aimram/4790799/hdfs_data/current/BP-2084156983-198.202.119.153-1476079646530/current/finalized/subdir0/subdir0/blk_1073741863_1039.meta'
removed `/scratch/aimram/4790799/hdfs_data/current/BP-2084156983-198.202.119.153-1476079646530/current/finalized/subdir0/subdir0/blk_1073741873_1049.meta'
removed `/scratch/aimram/4790799/hdfs_data/current/BP-2084156983-198.202.119.153-1476079646530/current/finalized/subdir0/subdir0/blk_1073741873'
removed `/scratch/aimram/4790799/hdfs_data/current/BP-2084156983-198.202.119.153-1476079646530/current/finalized/subdir0/subdir0/blk_1073741843_1019.meta'
removed `/scratch/aimram/4790799/hdfs_data/current/BP-2084156983-198.202.119.153-1476079646530/current/finalized/subdir0/subdir0/blk_1073741852'
removed `/scratch/aimram/4790799/hdfs_data/current/BP-2084156983-198.202.119.153-1476079646530/current/finalized/subdir0/subdir0/blk_1073741825'
removed `/scratch/aimram/4790799/hdfs_data/current/BP-2084156983-198.202.119.153-1476079646530/current/finalized/subdir0/subdir0/blk_1073741884'
removed `/scratch/aimram/4790799/hdfs_data/current/BP-2084156983-198.202.119.153-1476079646530/current/finalized/subdir0/subdir0/blk_1073741895_1071.meta'
removed `/scratch/aimram/4790799/hdfs_data/current/BP-2084156983-198.202.119.153-1476079646530/current/finalized/subdir0/subdir0/blk_1073741844_1020.meta'
removed `/scratch/aimram/4790799/hdfs_data/current/BP-2084156983-198.202.119.153-1476079646530/current/finalized/subdir0/subdir0/blk_1073741833_1009.meta'
removed `/scratch/aimram/4790799/hdfs_data/current/BP-2084156983-198.202.119.153-1476079646530/current/finalized/subdir0/subdir0/blk_1073741835_1011.meta'
removed `/scratch/aimram/4790799/hdfs_data/current/BP-2084156983-198.202.119.153-1476079646530/current/finalized/subdir0/subdir0/blk_1073741893_1069.meta'
removed `/scratch/aimram/4790799/hdfs_data/current/BP-2084156983-198.202.119.153-1476079646530/current/finalized/subdir0/subdir0/blk_1073741883'
removed `/scratch/aimram/4790799/hdfs_data/current/BP-2084156983-198.202.119.153-1476079646530/current/finalized/subdir0/subdir0/blk_1073741855'
removed `/scratch/aimram/4790799/hdfs_data/current/BP-2084156983-198.202.119.153-1476079646530/current/finalized/subdir0/subdir0/blk_1073741874'
removed `/scratch/aimram/4790799/hdfs_data/current/BP-2084156983-198.202.119.153-1476079646530/current/finalized/subdir0/subdir0/blk_1073741875_1051.meta'
removed `/scratch/aimram/4790799/hdfs_data/current/BP-2084156983-198.202.119.153-1476079646530/current/finalized/subdir0/subdir0/blk_1073741835'
removed `/scratch/aimram/4790799/hdfs_data/current/BP-2084156983-198.202.119.153-1476079646530/current/finalized/subdir0/subdir0/blk_1073741842'
removed `/scratch/aimram/4790799/hdfs_data/current/BP-2084156983-198.202.119.153-1476079646530/current/finalized/subdir0/subdir0/blk_1073741834_1010.meta'
removed `/scratch/aimram/4790799/hdfs_data/current/BP-2084156983-198.202.119.153-1476079646530/current/finalized/subdir0/subdir0/blk_1073741892_1068.meta'
removed `/scratch/aimram/4790799/hdfs_data/current/BP-2084156983-198.202.119.153-1476079646530/current/finalized/subdir0/subdir0/blk_1073741894'
removed `/scratch/aimram/4790799/hdfs_data/current/BP-2084156983-198.202.119.153-1476079646530/current/finalized/subdir0/subdir0/blk_1073741874_1050.meta'
removed `/scratch/aimram/4790799/hdfs_data/current/BP-2084156983-198.202.119.153-1476079646530/current/finalized/subdir0/subdir0/blk_1073741863'
removed `/scratch/aimram/4790799/hdfs_data/current/BP-2084156983-198.202.119.153-1476079646530/current/finalized/subdir0/subdir0/blk_1073741864'
removed `/scratch/aimram/4790799/hdfs_data/current/BP-2084156983-198.202.119.153-1476079646530/current/finalized/subdir0/subdir0/blk_1073741842_1018.meta'
removed `/scratch/aimram/4790799/hdfs_data/current/BP-2084156983-198.202.119.153-1476079646530/current/finalized/subdir0/subdir0/blk_1073741862_1038.meta'
removed `/scratch/aimram/4790799/hdfs_data/current/BP-2084156983-198.202.119.153-1476079646530/current/finalized/subdir0/subdir0/blk_1073741872_1048.meta'
removed `/scratch/aimram/4790799/hdfs_data/current/BP-2084156983-198.202.119.153-1476079646530/current/finalized/subdir0/subdir0/blk_1073741893'
removed `/scratch/aimram/4790799/hdfs_data/current/BP-2084156983-198.202.119.153-1476079646530/current/finalized/subdir0/subdir0/blk_1073741894_1070.meta'
removed `/scratch/aimram/4790799/hdfs_data/current/BP-2084156983-198.202.119.153-1476079646530/current/finalized/subdir0/subdir0/blk_1073741845_1021.meta'
removed `/scratch/aimram/4790799/hdfs_data/current/BP-2084156983-198.202.119.153-1476079646530/current/finalized/subdir0/subdir0/blk_1073741832_1008.meta'
removed `/scratch/aimram/4790799/hdfs_data/current/BP-2084156983-198.202.119.153-1476079646530/current/finalized/subdir0/subdir0/blk_1073741845'
removed `/scratch/aimram/4790799/hdfs_data/current/BP-2084156983-198.202.119.153-1476079646530/current/finalized/subdir0/subdir0/blk_1073741832'
removed directory: `/scratch/aimram/4790799/hdfs_data/current/BP-2084156983-198.202.119.153-1476079646530/current/finalized/subdir0/subdir0'
removed directory: `/scratch/aimram/4790799/hdfs_data/current/BP-2084156983-198.202.119.153-1476079646530/current/finalized/subdir0'
removed directory: `/scratch/aimram/4790799/hdfs_data/current/BP-2084156983-198.202.119.153-1476079646530/current/finalized'
removed `/scratch/aimram/4790799/hdfs_data/current/BP-2084156983-198.202.119.153-1476079646530/current/dfsUsed'
removed directory: `/scratch/aimram/4790799/hdfs_data/current/BP-2084156983-198.202.119.153-1476079646530/current'
removed `/scratch/aimram/4790799/hdfs_data/current/BP-2084156983-198.202.119.153-1476079646530/dncp_block_verification.log.prev'
removed `/scratch/aimram/4790799/hdfs_data/current/BP-2084156983-198.202.119.153-1476079646530/dncp_block_verification.log.curr'
removed directory: `/scratch/aimram/4790799/hdfs_data/current/BP-2084156983-198.202.119.153-1476079646530/tmp'
removed directory: `/scratch/aimram/4790799/hdfs_data/current/BP-2084156983-198.202.119.153-1476079646530'
removed directory: `/scratch/aimram/4790799/hdfs_data/current'
removed directory: `/scratch/aimram/4790799/hdfs_data'
removed directory: `/scratch/aimram/4790799/pids'
removed `/scratch/aimram/4790799/logs/SecurityAuth-aimram.audit'
removed `/scratch/aimram/4790799/logs/hadoop-aimram-datanode-comet-25-29.sdsc.edu.out'
removed `/scratch/aimram/4790799/logs/userlogs/application_1476079664041_0005/container_1476079664041_0005_01_000003/stdout'
removed `/scratch/aimram/4790799/logs/userlogs/application_1476079664041_0005/container_1476079664041_0005_01_000003/syslog'
removed `/scratch/aimram/4790799/logs/userlogs/application_1476079664041_0005/container_1476079664041_0005_01_000003/stderr'
removed directory: `/scratch/aimram/4790799/logs/userlogs/application_1476079664041_0005/container_1476079664041_0005_01_000003'
removed `/scratch/aimram/4790799/logs/userlogs/application_1476079664041_0005/container_1476079664041_0005_01_000001/syslog'
removed `/scratch/aimram/4790799/logs/userlogs/application_1476079664041_0005/container_1476079664041_0005_01_000001/stdout'
removed `/scratch/aimram/4790799/logs/userlogs/application_1476079664041_0005/container_1476079664041_0005_01_000001/stderr'
removed directory: `/scratch/aimram/4790799/logs/userlogs/application_1476079664041_0005/container_1476079664041_0005_01_000001'
removed `/scratch/aimram/4790799/logs/userlogs/application_1476079664041_0005/container_1476079664041_0005_01_000002/syslog'
removed `/scratch/aimram/4790799/logs/userlogs/application_1476079664041_0005/container_1476079664041_0005_01_000002/stdout'
removed `/scratch/aimram/4790799/logs/userlogs/application_1476079664041_0005/container_1476079664041_0005_01_000002/stderr'
removed directory: `/scratch/aimram/4790799/logs/userlogs/application_1476079664041_0005/container_1476079664041_0005_01_000002'
removed directory: `/scratch/aimram/4790799/logs/userlogs/application_1476079664041_0005'
removed `/scratch/aimram/4790799/logs/userlogs/application_1476079664041_0002/container_1476079664041_0002_01_000001/stdout'
removed `/scratch/aimram/4790799/logs/userlogs/application_1476079664041_0002/container_1476079664041_0002_01_000001/syslog'
removed `/scratch/aimram/4790799/logs/userlogs/application_1476079664041_0002/container_1476079664041_0002_01_000001/stderr'
removed directory: `/scratch/aimram/4790799/logs/userlogs/application_1476079664041_0002/container_1476079664041_0002_01_000001'
removed directory: `/scratch/aimram/4790799/logs/userlogs/application_1476079664041_0002'
removed `/scratch/aimram/4790799/logs/userlogs/application_1476079664041_0006/container_1476079664041_0006_01_000003/stderr'
removed `/scratch/aimram/4790799/logs/userlogs/application_1476079664041_0006/container_1476079664041_0006_01_000003/stdout'
removed `/scratch/aimram/4790799/logs/userlogs/application_1476079664041_0006/container_1476079664041_0006_01_000003/syslog'
removed directory: `/scratch/aimram/4790799/logs/userlogs/application_1476079664041_0006/container_1476079664041_0006_01_000003'
removed `/scratch/aimram/4790799/logs/userlogs/application_1476079664041_0006/container_1476079664041_0006_01_000001/syslog'
removed `/scratch/aimram/4790799/logs/userlogs/application_1476079664041_0006/container_1476079664041_0006_01_000001/stdout'
removed `/scratch/aimram/4790799/logs/userlogs/application_1476079664041_0006/container_1476079664041_0006_01_000001/stderr'
removed directory: `/scratch/aimram/4790799/logs/userlogs/application_1476079664041_0006/container_1476079664041_0006_01_000001'
removed `/scratch/aimram/4790799/logs/userlogs/application_1476079664041_0006/container_1476079664041_0006_01_000002/stdout'
removed `/scratch/aimram/4790799/logs/userlogs/application_1476079664041_0006/container_1476079664041_0006_01_000002/syslog'
removed `/scratch/aimram/4790799/logs/userlogs/application_1476079664041_0006/container_1476079664041_0006_01_000002/stderr'
removed directory: `/scratch/aimram/4790799/logs/userlogs/application_1476079664041_0006/container_1476079664041_0006_01_000002'
removed directory: `/scratch/aimram/4790799/logs/userlogs/application_1476079664041_0006'
removed `/scratch/aimram/4790799/logs/userlogs/application_1476079664041_0003/container_1476079664041_0003_01_000003/stdout'
removed `/scratch/aimram/4790799/logs/userlogs/application_1476079664041_0003/container_1476079664041_0003_01_000003/syslog'
removed `/scratch/aimram/4790799/logs/userlogs/application_1476079664041_0003/container_1476079664041_0003_01_000003/stderr'
removed directory: `/scratch/aimram/4790799/logs/userlogs/application_1476079664041_0003/container_1476079664041_0003_01_000003'
removed `/scratch/aimram/4790799/logs/userlogs/application_1476079664041_0003/container_1476079664041_0003_01_000001/syslog'
removed `/scratch/aimram/4790799/logs/userlogs/application_1476079664041_0003/container_1476079664041_0003_01_000001/stdout'
removed `/scratch/aimram/4790799/logs/userlogs/application_1476079664041_0003/container_1476079664041_0003_01_000001/stderr'
removed directory: `/scratch/aimram/4790799/logs/userlogs/application_1476079664041_0003/container_1476079664041_0003_01_000001'
removed `/scratch/aimram/4790799/logs/userlogs/application_1476079664041_0003/container_1476079664041_0003_01_000002/stderr'
removed `/scratch/aimram/4790799/logs/userlogs/application_1476079664041_0003/container_1476079664041_0003_01_000002/syslog'
removed `/scratch/aimram/4790799/logs/userlogs/application_1476079664041_0003/container_1476079664041_0003_01_000002/stdout'
removed directory: `/scratch/aimram/4790799/logs/userlogs/application_1476079664041_0003/container_1476079664041_0003_01_000002'
removed directory: `/scratch/aimram/4790799/logs/userlogs/application_1476079664041_0003'
removed `/scratch/aimram/4790799/logs/userlogs/application_1476079664041_0004/container_1476079664041_0004_01_000001/stderr'
removed `/scratch/aimram/4790799/logs/userlogs/application_1476079664041_0004/container_1476079664041_0004_01_000001/syslog'
removed `/scratch/aimram/4790799/logs/userlogs/application_1476079664041_0004/container_1476079664041_0004_01_000001/stdout'
removed directory: `/scratch/aimram/4790799/logs/userlogs/application_1476079664041_0004/container_1476079664041_0004_01_000001'
removed directory: `/scratch/aimram/4790799/logs/userlogs/application_1476079664041_0004'
removed directory: `/scratch/aimram/4790799/logs/userlogs'
removed `/scratch/aimram/4790799/logs/yarn-aimram-nodemanager-comet-25-29.sdsc.edu.out'
removed `/scratch/aimram/4790799/logs/yarn-aimram-nodemanager-comet-25-29.sdsc.edu.log'
removed `/scratch/aimram/4790799/logs/hadoop-aimram-datanode-comet-25-29.sdsc.edu.log'
removed directory: `/scratch/aimram/4790799/logs'
removed directory: `/tmp/Jetty_0_0_0_0_50070_hdfs____w2cu08/jsp'
removed directory: `/tmp/Jetty_0_0_0_0_50070_hdfs____w2cu08/.active'
removed directory: `/tmp/Jetty_0_0_0_0_50070_hdfs____w2cu08'
removed directory: `/tmp/Jetty_comet.06.24_ibnet_50090_secondary____.sd456b/jsp'
removed directory: `/tmp/Jetty_comet.06.24_ibnet_50090_secondary____.sd456b/.active'
removed directory: `/tmp/Jetty_comet.06.24_ibnet_50090_secondary____.sd456b'
removed directory: `/tmp/Jetty_0_0_0_0_50075_datanode____hwtdwq/jsp'
removed directory: `/tmp/Jetty_0_0_0_0_50075_datanode____hwtdwq/.active'
removed directory: `/tmp/Jetty_0_0_0_0_50075_datanode____hwtdwq'
